[coderthemes.com/codefox/layouts/horizontal/index.html]
[backblue.gif]
[fade.gif]
[index.html]
[coderthemes.com/codefox/layouts/horizontal/assets/images/favicon.ico]
[coderthemes.com/codefox/layouts/horizontal/assets/libs/bootstrap-select/bootstrap-select.min.css]
[coderthemes.com/codefox/layouts/horizontal/assets/libs/c3/c3.min.css]
[coderthemes.com/codefox/layouts/horizontal/assets/css/bootstrap.min.css]
[coderthemes.com/codefox/layouts/horizontal/assets/css/icons.min.css]
[coderthemes.com/codefox/layouts/horizontal/assets/css/app.min.css]
[coderthemes.com/codefox/layouts/horizontal/assets/images/users/avatar-1.jpg]
[coderthemes.com/codefox/layouts/horizontal/assets/images/users/avatar-4.jpg]
[coderthemes.com/codefox/layouts/horizontal/assets/images/logo-light.png]
[coderthemes.com/codefox/layouts/horizontal/assets/images/logo-sm.png]
[coderthemes.com/codefox/layouts/horizontal/assets/images/logo-dark.png]
[coderthemes.com/codefox/layouts/horizontal/ui-typography.html]
[coderthemes.com/codefox/layouts/horizontal/ui-cards.html]
[coderthemes.com/codefox/layouts/horizontal/ui-buttons.html]
[coderthemes.com/codefox/layouts/horizontal/ui-modals.html]
[coderthemes.com/codefox/layouts/horizontal/ui-checkbox-radio.html]
[coderthemes.com/codefox/layouts/horizontal/ui-tabs.html]
[coderthemes.com/codefox/layouts/horizontal/ui-progressbars.html]
[coderthemes.com/codefox/layouts/horizontal/ui-notifications.html]
[coderthemes.com/codefox/layouts/horizontal/ui-carousel.html]
[coderthemes.com/codefox/layouts/horizontal/ui-video.html]
[coderthemes.com/codefox/layouts/horizontal/ui-tooltips-popovers.html]
[coderthemes.com/codefox/layouts/horizontal/ui-images.html]
[coderthemes.com/codefox/layouts/horizontal/ui-bootstrap.html]
[coderthemes.com/codefox/layouts/horizontal/calendar.html]
[coderthemes.com/codefox/layouts/horizontal/admin-grid.html]
[coderthemes.com/codefox/layouts/horizontal/admin-sweet-alert.html]
[coderthemes.com/codefox/layouts/horizontal/admin-widgets.html]
[coderthemes.com/codefox/layouts/horizontal/admin-nestable.html]
[coderthemes.com/codefox/layouts/horizontal/admin-rangeslider.html]
[coderthemes.com/codefox/layouts/horizontal/admin-ratings.html]
[coderthemes.com/codefox/layouts/horizontal/icons-colored.html]
[coderthemes.com/codefox/layouts/horizontal/icons-materialdesign.html]
[coderthemes.com/codefox/layouts/horizontal/icons-dripicons.html]
[coderthemes.com/codefox/layouts/horizontal/icons-fontawesome.html]
[coderthemes.com/codefox/layouts/horizontal/icons-feather.html]
[coderthemes.com/codefox/layouts/horizontal/form-elements.html]
[coderthemes.com/codefox/layouts/horizontal/form-advanced.html]
[coderthemes.com/codefox/layouts/horizontal/form-validation.html]
[coderthemes.com/codefox/layouts/horizontal/form-pickers.html]
[coderthemes.com/codefox/layouts/horizontal/form-wizard.html]
[coderthemes.com/codefox/layouts/horizontal/form-mask.html]
[coderthemes.com/codefox/layouts/horizontal/form-summernote.html]
[coderthemes.com/codefox/layouts/horizontal/form-quilljs.html]
[coderthemes.com/codefox/layouts/horizontal/form-uploads.html]
[coderthemes.com/codefox/layouts/horizontal/tables-basic.html]
[coderthemes.com/codefox/layouts/horizontal/tables-layouts.html]
[coderthemes.com/codefox/layouts/horizontal/tables-datatable.html]
[coderthemes.com/codefox/layouts/horizontal/tables-responsive.html]
[coderthemes.com/codefox/layouts/horizontal/tables-tablesaw.html]
[coderthemes.com/codefox/layouts/horizontal/tables-editable.html]
[coderthemes.com/codefox/layouts/horizontal/charts-flot.html]
[coderthemes.com/codefox/layouts/horizontal/charts-morris.html]
[coderthemes.com/codefox/layouts/horizontal/charts-google.html]
[coderthemes.com/codefox/layouts/horizontal/charts-chartist.html]
[coderthemes.com/codefox/layouts/horizontal/charts-chartjs.html]
[coderthemes.com/codefox/layouts/horizontal/charts-c3.html]
[coderthemes.com/codefox/layouts/horizontal/charts-sparkline.html]
[coderthemes.com/codefox/layouts/horizontal/charts-knob.html]
[coderthemes.com/codefox/layouts/horizontal/maps-google.html]
[coderthemes.com/codefox/layouts/horizontal/maps-vector.html]
[coderthemes.com/codefox/layouts/horizontal/maps-mapael.html]
[coderthemes.com/codefox/layouts/horizontal/layouts-vertical.html]
[coderthemes.com/codefox/layouts/horizontal/layouts-topbar-light.html]
[coderthemes.com/codefox/layouts/horizontal/layouts-center-menu.html]
[coderthemes.com/codefox/layouts/horizontal/layouts-normal-header.html]
[coderthemes.com/codefox/layouts/horizontal/layouts-boxed.html]
[coderthemes.com/codefox/layouts/horizontal/pages-starter.html]
[coderthemes.com/codefox/layouts/horizontal/pages-login.html]
[coderthemes.com/codefox/layouts/horizontal/pages-register.html]
[coderthemes.com/codefox/layouts/horizontal/pages-logout.html]
[coderthemes.com/codefox/layouts/horizontal/pages-recoverpw.html]
[coderthemes.com/codefox/layouts/horizontal/pages-lock-screen.html]
[coderthemes.com/codefox/layouts/horizontal/pages-confirm-mail.html]
[coderthemes.com/codefox/layouts/horizontal/pages-404.html]
[coderthemes.com/codefox/layouts/horizontal/pages-404-alt.html]
[coderthemes.com/codefox/layouts/horizontal/pages-500.html]
[coderthemes.com/codefox/layouts/horizontal/extras-about.html]
[coderthemes.com/codefox/layouts/horizontal/extras-contact.html]
[coderthemes.com/codefox/layouts/horizontal/extras-members.html]
[coderthemes.com/codefox/layouts/horizontal/extras-timeline.html]
[coderthemes.com/codefox/layouts/horizontal/extras-invoice.html]
[coderthemes.com/codefox/layouts/horizontal/extras-maintenance.html]
[coderthemes.com/codefox/layouts/horizontal/extras-coming-soon.html]
[coderthemes.com/codefox/layouts/horizontal/extras-faq.html]
[coderthemes.com/codefox/layouts/horizontal/extras-pricing.html]
[coderthemes.com/codefox/layouts/horizontal/assets/images/users/avatar-3.jpg]
[coderthemes.com/codefox/layouts/horizontal/assets/images/users/avatar-2.jpg]
[coderthemes.com/codefox/layouts/horizontal/assets/images/layouts/light.png]
[coderthemes.com/codefox/layouts/horizontal/assets/images/layouts/dark.png]
[coderthemes.com/codefox/layouts/horizontal/assets/css/bootstrap-dark.min.css]
[coderthemes.com/codefox/layouts/horizontal/assets/css/app-dark.min.css]
[coderthemes.com/codefox/layouts/horizontal/assets/images/layouts/rtl.png]
[coderthemes.com/codefox/layouts/horizontal/assets/css/app-rtl.min.css]
[coderthemes.com/codefox/layouts/horizontal/assets/images/layouts/dark-rtl.png]
[coderthemes.com/codefox/layouts/horizontal/assets/css/app-dark-rtl.min.css]
[coderthemes.com/codefox/layouts/horizontal/assets/libs/bootstrap-select/bootstrap-select.min.js]
[coderthemes.com/codefox/layouts/horizontal/assets/js/vendor.min.js]
[coderthemes.com/codefox/layouts/horizontal/assets/js/pages/dashboard.init.js]
[coderthemes.com/codefox/layouts/horizontal/assets/libs/c3/c3.min.js]
[coderthemes.com/codefox/layouts/horizontal/index.html]
[coderthemes.com/codefox/layouts/horizontal/assets/libs/bootstrap-select/bootstrap-select.min.css]
[coderthemes.com/codefox/layouts/horizontal/assets/libs/c3/c3.min.css]
[coderthemes.com/codefox/layouts/horizontal/assets/css/bootstrap.min.css]
[coderthemes.com/codefox/layouts/horizontal/assets/js/app.min.js]
[coderthemes.com/codefox/layouts/horizontal/assets/fonts/materialdesignicons-webfontbd7d.eot]
[coderthemes.com/codefox/layouts/horizontal/assets/libs/d3/d3.min.js]
[coderthemes.com/codefox/layouts/horizontal/assets/fonts/materialdesignicons-webfontd41d.eot]
[coderthemes.com/codefox/layouts/horizontal/assets/fonts/materialdesignicons-webfontbd7d.woff2]
[coderthemes.com/codefox/layouts/horizontal/assets/fonts/materialdesignicons-webfontbd7d.woff]
[coderthemes.com/codefox/layouts/horizontal/assets/fonts/materialdesignicons-webfontbd7d.ttf]
[coderthemes.com/codefox/layouts/horizontal/assets/fonts/feathere8ab.eot]
[coderthemes.com/codefox/layouts/horizontal/assets/fonts/feathere8ab.woff]
[coderthemes.com/codefox/layouts/horizontal/assets/fonts/feathere8ab.ttf]
[coderthemes.com/codefox/layouts/horizontal/assets/fonts/feathere8ab.svg]
[coderthemes.com/codefox/layouts/horizontal/assets/fonts/fa-brands-400.eot]
[coderthemes.com/codefox/layouts/horizontal/assets/fonts/fa-brands-400d41d.eot]
[coderthemes.com/codefox/layouts/horizontal/assets/fonts/fa-brands-400.woff2]
[coderthemes.com/codefox/layouts/horizontal/assets/fonts/fa-brands-400.woff]
[coderthemes.com/codefox/layouts/horizontal/assets/fonts/fa-brands-400.ttf]
[coderthemes.com/codefox/layouts/horizontal/assets/fonts/fa-regular-400.eot]
[coderthemes.com/codefox/layouts/horizontal/assets/fonts/fa-regular-400d41d.eot]
[coderthemes.com/codefox/layouts/horizontal/assets/fonts/fa-regular-400.woff2]
[coderthemes.com/codefox/layouts/horizontal/assets/fonts/fa-regular-400.woff]
[coderthemes.com/codefox/layouts/horizontal/assets/fonts/fa-regular-400.ttf]
[coderthemes.com/codefox/layouts/horizontal/assets/fonts/fa-brands-400.svg]
[coderthemes.com/codefox/layouts/horizontal/assets/fonts/fa-regular-400.svg]
[coderthemes.com/codefox/layouts/horizontal/assets/fonts/fa-solid-900.eot]
[coderthemes.com/codefox/layouts/horizontal/assets/fonts/materialdesignicons-webfontbd7d.svg]
[coderthemes.com/codefox/layouts/horizontal/assets/fonts/fa-solid-900d41d.eot]
[coderthemes.com/codefox/layouts/horizontal/assets/fonts/fa-solid-900.woff2]
[coderthemes.com/codefox/layouts/horizontal/assets/fonts/fa-solid-900.woff]
[coderthemes.com/codefox/layouts/horizontal/assets/fonts/fa-solid-900.ttf]
[coderthemes.com/codefox/layouts/horizontal/assets/fonts/dripicons-v2.eot]
[coderthemes.com/codefox/layouts/horizontal/assets/fonts/dripicons-v2d41d.eot]
[coderthemes.com/codefox/layouts/horizontal/assets/fonts/dripicons-v2.woff]
[coderthemes.com/codefox/layouts/horizontal/assets/fonts/dripicons-v2.ttf]
[coderthemes.com/codefox/layouts/horizontal/assets/css/icons.min.css]
[coderthemes.com/codefox/layouts/horizontal/assets/css/app.min.css]
[coderthemes.com/codefox/layouts/horizontal/ui-typography.html]
[coderthemes.com/codefox/layouts/horizontal/assets/fonts/dripicons-v2.svg]
[coderthemes.com/codefox/layouts/horizontal/assets/images/small/img-1.jpg]
[coderthemes.com/codefox/layouts/horizontal/assets/images/small/img-2.jpg]
[coderthemes.com/codefox/layouts/horizontal/assets/images/small/img-3.jpg]
[coderthemes.com/codefox/layouts/horizontal/assets/fonts/fa-solid-900.svg]
[coderthemes.com/codefox/layouts/horizontal/assets/images/small/img-4.jpg]
[coderthemes.com/codefox/layouts/horizontal/assets/images/small/img-6.jpg]
[coderthemes.com/codefox/layouts/horizontal/ui-cards.html]
[coderthemes.com/codefox/layouts/horizontal/ui-buttons.html]
[coderthemes.com/codefox/layouts/horizontal/assets/libs/custombox/custombox.min.css]
[coderthemes.com/codefox/layouts/horizontal/ui-modals.html]
[coderthemes.com/codefox/layouts/horizontal/ui-checkbox-radio.html]
[coderthemes.com/codefox/layouts/horizontal/ui-tabs.html]
[coderthemes.com/codefox/layouts/horizontal/ui-progressbars.html]
[coderthemes.com/codefox/layouts/horizontal/assets/libs/custombox/custombox.min.js]
[coderthemes.com/codefox/layouts/horizontal/assets/libs/jquery-toast/jquery.toast.min.css]
[coderthemes.com/codefox/layouts/horizontal/assets/libs/jquery-toast/jquery.toast.min.js]
[coderthemes.com/codefox/layouts/horizontal/ui-notifications.html]
[coderthemes.com/codefox/layouts/horizontal/assets/js/pages/toastr.init.js]
[coderthemes.com/codefox/layouts/horizontal/assets/images/small/img-5.jpg]
[coderthemes.com/codefox/layouts/horizontal/ui-carousel.html]
[coderthemes.com/codefox/layouts/horizontal/ui-video.html]
[coderthemes.com/codefox/layouts/horizontal/assets/libs/tooltipster/tooltipster.bundle.min.css]
[coderthemes.com/codefox/layouts/horizontal/assets/libs/tooltipster/tooltipster.bundle.min.js]
[coderthemes.com/codefox/layouts/horizontal/ui-tooltips-popovers.html]
[coderthemes.com/codefox/layouts/horizontal/assets/js/pages/tooltipster.init.js]
[coderthemes.com/codefox/layouts/horizontal/assets/images/users/avatar-6.jpg]
[coderthemes.com/codefox/layouts/horizontal/assets/images/users/avatar-5.jpg]
[coderthemes.com/codefox/layouts/horizontal/assets/images/users/avatar-7.jpg]
[coderthemes.com/codefox/layouts/horizontal/assets/images/users/avatar-10.jpg]
[coderthemes.com/codefox/layouts/horizontal/ui-images.html]
[coderthemes.com/codefox/layouts/horizontal/ui-bootstrap.html]
[coderthemes.com/codefox/layouts/horizontal/assets/libs/fullcalendar/fullcalendar.min.css]
[coderthemes.com/codefox/layouts/horizontal/assets/libs/moment/moment.min.js]
[coderthemes.com/codefox/layouts/horizontal/calendar.html]
[coderthemes.com/codefox/layouts/horizontal/admin-grid.html]
[coderthemes.com/codefox/layouts/horizontal/assets/js/pages/calendar.init.js]
[coderthemes.com/codefox/layouts/horizontal/assets/libs/jquery-ui/jquery-ui.min.js]
[coderthemes.com/codefox/layouts/horizontal/assets/libs/fullcalendar/fullcalendar.min.js]
[coderthemes.com/codefox/layouts/horizontal/assets/libs/sweetalert2/sweetalert2.min.css]
[coderthemes.com/codefox/layouts/horizontal/assets/libs/sweetalert2/sweetalert2.min.js]
[coderthemes.com/codefox/layouts/horizontal/admin-sweet-alert.html]
[coderthemes.com/codefox/layouts/horizontal/assets/js/pages/sweet-alerts.init.js]
[coderthemes.com/codefox/layouts/horizontal/assets/images/icons/clock.svg]
[coderthemes.com/codefox/layouts/horizontal/assets/images/icons/advertising.svg]
[coderthemes.com/codefox/layouts/horizontal/assets/images/icons/paid.svg]
[coderthemes.com/codefox/layouts/horizontal/assets/images/icons/timeline.svg]
[coderthemes.com/codefox/layouts/horizontal/admin-widgets.html]
[coderthemes.com/codefox/layouts/horizontal/assets/libs/jquery-knob/jquery.knob.min.js]
[coderthemes.com/codefox/layouts/horizontal/assets/libs/nestable2/jquery.nestable.min.css]
[coderthemes.com/codefox/layouts/horizontal/assets/libs/nestable2/jquery.nestable.min.js]
[coderthemes.com/codefox/layouts/horizontal/admin-nestable.html]
[coderthemes.com/codefox/layouts/horizontal/assets/js/pages/nestable.init.js]
[coderthemes.com/codefox/layouts/horizontal/assets/libs/ion-rangeslider/ion.rangeSlider.css]
[coderthemes.com/codefox/layouts/horizontal/assets/libs/ion-rangeslider/ion.rangeSlider.min.js]
[coderthemes.com/codefox/layouts/horizontal/admin-rangeslider.html]
[coderthemes.com/codefox/layouts/horizontal/assets/js/pages/range-sliders.init.js]
[coderthemes.com/codefox/layouts/horizontal/assets/libs/raty-fa/jquery.raty-fa.js]
[coderthemes.com/codefox/layouts/horizontal/admin-ratings.html]
[coderthemes.com/codefox/layouts/horizontal/assets/js/pages/rating.init.js]
[coderthemes.com/codefox/layouts/horizontal/assets/images/icons/panorama.svg]
[coderthemes.com/codefox/layouts/horizontal/assets/images/icons/landscape.svg]
[coderthemes.com/codefox/layouts/horizontal/assets/images/icons/night_landscape.svg]
[coderthemes.com/codefox/layouts/horizontal/assets/images/icons/sports_mode.svg]
[coderthemes.com/codefox/layouts/horizontal/assets/images/icons/portrait_mode.svg]
[coderthemes.com/codefox/layouts/horizontal/assets/images/icons/night_portrait.svg]
[coderthemes.com/codefox/layouts/horizontal/assets/images/icons/close_up_mode.svg]
[coderthemes.com/codefox/layouts/horizontal/assets/images/icons/selfie.svg]
[coderthemes.com/codefox/layouts/horizontal/assets/images/icons/gallery.svg]
[coderthemes.com/codefox/layouts/horizontal/assets/images/icons/stack_of_photos.svg]
[coderthemes.com/codefox/layouts/horizontal/assets/images/icons/add_image.svg]
[coderthemes.com/codefox/layouts/horizontal/assets/images/icons/edit_image.svg]
[coderthemes.com/codefox/layouts/horizontal/assets/images/icons/remove_image.svg]
[coderthemes.com/codefox/layouts/horizontal/assets/images/icons/compact_camera.svg]
[coderthemes.com/codefox/layouts/horizontal/assets/images/icons/multiple_cameras.svg]
[coderthemes.com/codefox/layouts/horizontal/assets/images/icons/camera.svg]
[coderthemes.com/codefox/layouts/horizontal/assets/images/icons/slr_back_side.svg]
[coderthemes.com/codefox/layouts/horizontal/assets/images/icons/old_time_camera.svg]
[coderthemes.com/codefox/layouts/horizontal/assets/images/icons/camera_addon.svg]
[coderthemes.com/codefox/layouts/horizontal/assets/images/icons/camera_identification.svg]
[coderthemes.com/codefox/layouts/horizontal/assets/images/icons/clapperboard.svg]
[coderthemes.com/codefox/layouts/horizontal/assets/images/icons/film.svg]
[coderthemes.com/codefox/layouts/horizontal/assets/images/icons/camcorder.svg]
[coderthemes.com/codefox/layouts/horizontal/assets/images/icons/camcorder_pro.svg]
[coderthemes.com/codefox/layouts/horizontal/assets/images/icons/webcam.svg]
[coderthemes.com/codefox/layouts/horizontal/assets/images/icons/integrated_webcam.svg]
[coderthemes.com/codefox/layouts/horizontal/assets/images/icons/rotate_camera.svg]
[coderthemes.com/codefox/layouts/horizontal/assets/images/icons/switch_camera.svg]
[coderthemes.com/codefox/layouts/horizontal/assets/images/icons/photo_reel.svg]
[coderthemes.com/codefox/layouts/horizontal/assets/images/icons/film_reel.svg]
[coderthemes.com/codefox/layouts/horizontal/assets/images/icons/cable_release.svg]
[coderthemes.com/codefox/layouts/horizontal/assets/images/icons/home.svg]
[coderthemes.com/codefox/layouts/horizontal/assets/images/icons/icons8_cup.svg]
[coderthemes.com/codefox/layouts/horizontal/assets/images/icons/globe.svg]
[coderthemes.com/codefox/layouts/horizontal/assets/images/icons/cancel.svg]
[coderthemes.com/codefox/layouts/horizontal/assets/images/icons/synchronize.svg]
[coderthemes.com/codefox/layouts/horizontal/assets/images/icons/refresh.svg]
[coderthemes.com/codefox/layouts/horizontal/assets/images/icons/empty_trash.svg]
[coderthemes.com/codefox/layouts/horizontal/assets/images/icons/full_trash.svg]
[coderthemes.com/codefox/layouts/horizontal/assets/images/icons/folder.svg]
[coderthemes.com/codefox/layouts/horizontal/assets/images/icons/opened_folder.svg]
[coderthemes.com/codefox/layouts/horizontal/assets/images/icons/audio_file.svg]
[coderthemes.com/codefox/layouts/horizontal/assets/images/icons/image_file.svg]
[coderthemes.com/codefox/layouts/horizontal/assets/images/icons/print.svg]
[coderthemes.com/codefox/layouts/horizontal/assets/images/icons/share.svg]
[coderthemes.com/codefox/layouts/horizontal/assets/images/icons/cursor.svg]
[coderthemes.com/codefox/layouts/horizontal/assets/images/icons/puzzle.svg]
[coderthemes.com/codefox/layouts/horizontal/assets/images/icons/unlock.svg]
[coderthemes.com/codefox/layouts/horizontal/assets/images/icons/lock.svg]
[coderthemes.com/codefox/layouts/horizontal/assets/images/icons/idea.svg]
[coderthemes.com/codefox/layouts/horizontal/assets/images/icons/no_idea.svg]
[coderthemes.com/codefox/layouts/horizontal/assets/images/icons/link.svg]
[coderthemes.com/codefox/layouts/horizontal/assets/images/icons/broken_link.svg]
[coderthemes.com/codefox/layouts/horizontal/assets/images/icons/dislike.svg]
[coderthemes.com/codefox/layouts/horizontal/assets/images/icons/picture.svg]
[coderthemes.com/codefox/layouts/horizontal/assets/images/icons/alarm_clock.svg]
[coderthemes.com/codefox/layouts/horizontal/assets/images/icons/address_book.svg]
[coderthemes.com/codefox/layouts/horizontal/assets/images/icons/contacts.svg]
[coderthemes.com/codefox/layouts/horizontal/assets/images/icons/news.svg]
[coderthemes.com/codefox/layouts/horizontal/assets/images/icons/binoculars.svg]
[coderthemes.com/codefox/layouts/horizontal/assets/images/icons/search.svg]
[coderthemes.com/codefox/layouts/horizontal/assets/images/icons/ruler.svg]
[coderthemes.com/codefox/layouts/horizontal/assets/images/icons/services.svg]
[coderthemes.com/codefox/layouts/horizontal/assets/images/icons/settings.svg]
[coderthemes.com/codefox/layouts/horizontal/assets/images/icons/support.svg]
[coderthemes.com/codefox/layouts/horizontal/assets/images/icons/frame.svg]
[coderthemes.com/codefox/layouts/horizontal/assets/images/icons/key.svg]
[coderthemes.com/codefox/layouts/horizontal/assets/images/icons/calendar.svg]
[coderthemes.com/codefox/layouts/horizontal/assets/images/icons/calculator.svg]
[coderthemes.com/codefox/layouts/horizontal/assets/images/icons/graduation_cap.svg]
[coderthemes.com/codefox/layouts/horizontal/assets/images/icons/briefcase.svg]
[coderthemes.com/codefox/layouts/horizontal/assets/images/icons/business.svg]
[coderthemes.com/codefox/layouts/horizontal/assets/images/icons/signature.svg]
[coderthemes.com/codefox/layouts/horizontal/assets/images/icons/safe.svg]
[coderthemes.com/codefox/layouts/horizontal/assets/images/icons/businessman.svg]
[coderthemes.com/codefox/layouts/horizontal/assets/images/icons/businesswoman.svg]
[coderthemes.com/codefox/layouts/horizontal/assets/images/icons/manager.svg]
[coderthemes.com/codefox/layouts/horizontal/assets/images/icons/online_support.svg]
[coderthemes.com/codefox/layouts/horizontal/assets/images/icons/assistant.svg]
[coderthemes.com/codefox/layouts/horizontal/assets/images/icons/customer_support.svg]
[coderthemes.com/codefox/layouts/horizontal/assets/images/icons/reading_ebook.svg]
[coderthemes.com/codefox/layouts/horizontal/assets/images/icons/reading.svg]
[coderthemes.com/codefox/layouts/horizontal/assets/images/icons/neutral_trading.svg]
[coderthemes.com/codefox/layouts/horizontal/assets/images/icons/bullish.svg]
[coderthemes.com/codefox/layouts/horizontal/assets/images/icons/bearish.svg]
[coderthemes.com/codefox/layouts/horizontal/assets/images/icons/high_priority.svg]
[coderthemes.com/codefox/layouts/horizontal/assets/images/icons/medium_priority.svg]
[coderthemes.com/codefox/layouts/horizontal/assets/images/icons/low_priority.svg]
[coderthemes.com/codefox/layouts/horizontal/assets/images/icons/make_decision.svg]
[coderthemes.com/codefox/layouts/horizontal/assets/images/icons/decision.svg]
[coderthemes.com/codefox/layouts/horizontal/assets/images/icons/good_decision.svg]
[coderthemes.com/codefox/layouts/horizontal/assets/images/icons/neutral_decision.svg]
[coderthemes.com/codefox/layouts/horizontal/assets/images/icons/bad_decision.svg]
[coderthemes.com/codefox/layouts/horizontal/assets/images/icons/approve.svg]
[coderthemes.com/codefox/layouts/horizontal/assets/images/icons/disapprove.svg]
[coderthemes.com/codefox/layouts/horizontal/assets/images/icons/podium_with_speaker.svg]
[coderthemes.com/codefox/layouts/horizontal/assets/images/icons/podium_with_audience.svg]
[coderthemes.com/codefox/layouts/horizontal/assets/images/icons/video_projector.svg]
[coderthemes.com/codefox/layouts/horizontal/assets/images/icons/statistics.svg]
[coderthemes.com/codefox/layouts/horizontal/assets/images/icons/collaboration.svg]
[coderthemes.com/codefox/layouts/horizontal/assets/images/icons/voice_presentation.svg]
[coderthemes.com/codefox/layouts/horizontal/assets/images/icons/conference_call.svg]
[coderthemes.com/codefox/layouts/horizontal/assets/images/icons/faq.svg]
[coderthemes.com/codefox/layouts/horizontal/assets/images/icons/reuse.svg]
[coderthemes.com/codefox/layouts/horizontal/assets/images/icons/organization.svg]
[coderthemes.com/codefox/layouts/horizontal/assets/images/icons/department.svg]
[coderthemes.com/codefox/layouts/horizontal/assets/images/icons/library.svg]
[coderthemes.com/codefox/layouts/horizontal/assets/images/icons/shop.svg]
[coderthemes.com/codefox/layouts/horizontal/assets/images/icons/self_service_kiosk.svg]
[coderthemes.com/codefox/layouts/horizontal/assets/images/icons/donate.svg]
[coderthemes.com/codefox/layouts/horizontal/assets/images/icons/currency_exchange.svg]
[coderthemes.com/codefox/layouts/horizontal/assets/images/icons/debt.svg]
[coderthemes.com/codefox/layouts/horizontal/assets/images/icons/sales_performance.svg]
[coderthemes.com/codefox/layouts/horizontal/assets/images/icons/invite.svg]
[coderthemes.com/codefox/layouts/horizontal/assets/images/icons/money_transfer.svg]
[coderthemes.com/codefox/layouts/horizontal/assets/images/icons/feedback.svg]
[coderthemes.com/codefox/layouts/horizontal/assets/images/icons/approval.svg]
[coderthemes.com/codefox/layouts/horizontal/assets/images/icons/in_transit.svg]
[coderthemes.com/codefox/layouts/horizontal/assets/images/icons/shipped.svg]
[coderthemes.com/codefox/layouts/horizontal/assets/images/icons/package.svg]
[coderthemes.com/codefox/layouts/horizontal/assets/images/icons/planner.svg]
[coderthemes.com/codefox/layouts/horizontal/assets/images/icons/overtime.svg]
[coderthemes.com/codefox/layouts/horizontal/assets/images/icons/leave.svg]
[coderthemes.com/codefox/layouts/horizontal/assets/images/icons/expired.svg]
[coderthemes.com/codefox/layouts/horizontal/assets/images/icons/process.svg]
[coderthemes.com/codefox/layouts/horizontal/assets/images/icons/diploma_1.svg]
[coderthemes.com/codefox/layouts/horizontal/assets/images/icons/diploma_2.svg]
[coderthemes.com/codefox/layouts/horizontal/assets/images/icons/business_contact.svg]
[coderthemes.com/codefox/layouts/horizontal/assets/images/icons/survey.svg]
[coderthemes.com/codefox/layouts/horizontal/assets/images/icons/inspection.svg]
[coderthemes.com/codefox/layouts/horizontal/assets/images/icons/rules.svg]
[coderthemes.com/codefox/layouts/horizontal/assets/images/icons/todo_list.svg]
[coderthemes.com/codefox/layouts/horizontal/assets/images/icons/ratings.svg]
[coderthemes.com/codefox/layouts/horizontal/assets/images/icons/questions.svg]
[coderthemes.com/codefox/layouts/horizontal/assets/images/icons/answers.svg]
[coderthemes.com/codefox/layouts/horizontal/assets/images/icons/fine_print.svg]
[coderthemes.com/codefox/layouts/horizontal/assets/images/icons/candle_sticks.svg]
[coderthemes.com/codefox/layouts/horizontal/assets/images/icons/serial_tasks.svg]
[coderthemes.com/codefox/layouts/horizontal/assets/images/icons/parallel_tasks.svg]
[coderthemes.com/codefox/layouts/horizontal/assets/images/icons/tree_structure.svg]
[coderthemes.com/codefox/layouts/horizontal/assets/images/icons/privacy.svg]
[coderthemes.com/codefox/layouts/horizontal/assets/images/icons/disclaimer.svg]
[coderthemes.com/codefox/layouts/horizontal/assets/images/icons/callback.svg]
[coderthemes.com/codefox/layouts/horizontal/assets/images/icons/service_mark.svg]
[coderthemes.com/codefox/layouts/horizontal/assets/images/icons/registered_trademark.svg]
[coderthemes.com/codefox/layouts/horizontal/assets/images/icons/trademark.svg]
[coderthemes.com/codefox/layouts/horizontal/assets/images/icons/copyright.svg]
[coderthemes.com/codefox/layouts/horizontal/assets/images/icons/copyleft.svg]
[coderthemes.com/codefox/layouts/horizontal/assets/images/icons/sound_recording_copyright.svg]
[coderthemes.com/codefox/layouts/horizontal/assets/images/icons/butting_in.svg]
[coderthemes.com/codefox/layouts/horizontal/assets/images/icons/multiple_inputs.svg]
[coderthemes.com/codefox/layouts/horizontal/assets/images/icons/collect.svg]
[coderthemes.com/codefox/layouts/horizontal/assets/images/icons/vip.svg]
[coderthemes.com/codefox/layouts/horizontal/assets/images/icons/light_at_the_end_of_tunnel.svg]
[coderthemes.com/codefox/layouts/horizontal/assets/images/icons/entering_heaven_alive.svg]
[coderthemes.com/codefox/layouts/horizontal/assets/images/icons/biomass.svg]
[coderthemes.com/codefox/layouts/horizontal/assets/images/icons/display.svg]
[coderthemes.com/codefox/layouts/horizontal/assets/images/icons/do_not_inhale.svg]
[coderthemes.com/codefox/layouts/horizontal/assets/images/icons/factory.svg]
[coderthemes.com/codefox/layouts/horizontal/assets/images/icons/factory_breakdown.svg]
[coderthemes.com/codefox/layouts/horizontal/assets/images/icons/crystal_oscillator.svg]
[coderthemes.com/codefox/layouts/horizontal/assets/images/icons/capacitor.svg]
[coderthemes.com/codefox/layouts/horizontal/assets/images/icons/electro_devices.svg]
[coderthemes.com/codefox/layouts/horizontal/assets/images/icons/electrical_sensor.svg]
[coderthemes.com/codefox/layouts/horizontal/assets/images/icons/electrical_threshold.svg]
[coderthemes.com/codefox/layouts/horizontal/assets/images/icons/automotive.svg]
[coderthemes.com/codefox/layouts/horizontal/assets/images/icons/feed_in.svg]
[coderthemes.com/codefox/layouts/horizontal/assets/images/icons/dam.svg]
[coderthemes.com/codefox/layouts/horizontal/assets/images/icons/biotech.svg]
[coderthemes.com/codefox/layouts/horizontal/assets/images/icons/cloth.svg]
[coderthemes.com/codefox/layouts/horizontal/assets/images/icons/electronics.svg]
[coderthemes.com/codefox/layouts/horizontal/assets/images/icons/deployment.svg]
[coderthemes.com/codefox/layouts/horizontal/assets/images/icons/automatic.svg]
[coderthemes.com/codefox/layouts/horizontal/assets/images/icons/do_not_insert.svg]
[coderthemes.com/codefox/layouts/horizontal/assets/images/icons/do_not_mix.svg]
[coderthemes.com/codefox/layouts/horizontal/assets/images/icons/biohazard.svg]
[coderthemes.com/codefox/layouts/horizontal/assets/images/icons/circuit.svg]
[coderthemes.com/codefox/layouts/horizontal/assets/images/icons/engineering.svg]
[coderthemes.com/codefox/layouts/horizontal/assets/images/icons/cell_phone.svg]
[coderthemes.com/codefox/layouts/horizontal/assets/images/icons/iphone.svg]
[coderthemes.com/codefox/layouts/horizontal/assets/images/icons/ipad.svg]
[coderthemes.com/codefox/layouts/horizontal/assets/images/icons/phone_android.svg]
[coderthemes.com/codefox/layouts/horizontal/assets/images/icons/tablet_android.svg]
[coderthemes.com/codefox/layouts/horizontal/assets/images/icons/nook.svg]
[coderthemes.com/codefox/layouts/horizontal/assets/images/icons/kindle.svg]
[coderthemes.com/codefox/layouts/horizontal/assets/images/icons/two_smartphones.svg]
[coderthemes.com/codefox/layouts/horizontal/assets/images/icons/multiple_devices.svg]
[coderthemes.com/codefox/layouts/horizontal/assets/images/icons/multiple_smartphones.svg]
[coderthemes.com/codefox/layouts/horizontal/assets/images/icons/smartphone_tablet.svg]
[coderthemes.com/codefox/layouts/horizontal/assets/images/icons/touchscreen_smartphone.svg]
[coderthemes.com/codefox/layouts/horizontal/assets/images/icons/sim_card.svg]
[coderthemes.com/codefox/layouts/horizontal/assets/images/icons/sim_card_chip.svg]
[coderthemes.com/codefox/layouts/horizontal/assets/images/icons/sms.svg]
[coderthemes.com/codefox/layouts/horizontal/assets/images/icons/mms.svg]
[coderthemes.com/codefox/layouts/horizontal/assets/images/icons/charge_battery.svg]
[coderthemes.com/codefox/layouts/horizontal/assets/images/icons/full_battery.svg]
[coderthemes.com/codefox/layouts/horizontal/assets/images/icons/high_battery.svg]
[coderthemes.com/codefox/layouts/horizontal/assets/images/icons/middle_battery.svg]
[coderthemes.com/codefox/layouts/horizontal/assets/images/icons/low_battery.svg]
[coderthemes.com/codefox/layouts/horizontal/assets/images/icons/empty_battery.svg]
[coderthemes.com/codefox/layouts/horizontal/assets/images/icons/phone.svg]
[coderthemes.com/codefox/layouts/horizontal/assets/images/icons/missed_call.svg]
[coderthemes.com/codefox/layouts/horizontal/assets/images/icons/end_call.svg]
[coderthemes.com/codefox/layouts/horizontal/assets/images/icons/call_transfer.svg]
[coderthemes.com/codefox/layouts/horizontal/assets/images/icons/no_video.svg]
[coderthemes.com/codefox/layouts/horizontal/assets/images/icons/rotate_to_portrait.svg]
[coderthemes.com/codefox/layouts/horizontal/assets/images/icons/lock_portrait.svg]
[coderthemes.com/codefox/layouts/horizontal/assets/images/icons/rotate_to_landscape.svg]
[coderthemes.com/codefox/layouts/horizontal/assets/images/icons/lock_landscape.svg]
[coderthemes.com/codefox/layouts/horizontal/assets/images/icons/voicemail.svg]
[coderthemes.com/codefox/layouts/horizontal/assets/images/icons/speaker.svg]
[coderthemes.com/codefox/layouts/horizontal/assets/images/icons/headset.svg]
[coderthemes.com/codefox/layouts/horizontal/assets/images/icons/up_right.svg]
[coderthemes.com/codefox/layouts/horizontal/assets/images/icons/filing_cabinet.svg]
[coderthemes.com/codefox/layouts/horizontal/assets/images/icons/database.svg]
[coderthemes.com/codefox/layouts/horizontal/assets/images/icons/accept_database.svg]
[coderthemes.com/codefox/layouts/horizontal/assets/images/icons/add_database.svg]
[coderthemes.com/codefox/layouts/horizontal/assets/images/icons/delete_database.svg]
[coderthemes.com/codefox/layouts/horizontal/assets/images/icons/data_backup.svg]
[coderthemes.com/codefox/layouts/horizontal/assets/images/icons/data_recovery.svg]
[coderthemes.com/codefox/layouts/horizontal/assets/images/icons/data_configuration.svg]
[coderthemes.com/codefox/layouts/horizontal/assets/images/icons/data_encryption.svg]
[coderthemes.com/codefox/layouts/horizontal/assets/images/icons/data_protection.svg]
[coderthemes.com/codefox/layouts/horizontal/assets/images/icons/grid.svg]
[coderthemes.com/codefox/layouts/horizontal/assets/images/icons/data_sheet.svg]
[coderthemes.com/codefox/layouts/horizontal/assets/images/icons/add_column.svg]
[coderthemes.com/codefox/layouts/horizontal/assets/images/icons/delete_column.svg]
[coderthemes.com/codefox/layouts/horizontal/assets/images/icons/add_row.svg]
[coderthemes.com/codefox/layouts/horizontal/assets/images/icons/delete_row.svg]
[coderthemes.com/codefox/layouts/horizontal/assets/images/icons/alphabetical_sorting_az.svg]
[coderthemes.com/codefox/layouts/horizontal/assets/images/icons/alphabetical_sorting_za.svg]
[coderthemes.com/codefox/layouts/horizontal/assets/images/icons/numerical_sorting_21.svg]
[coderthemes.com/codefox/layouts/horizontal/assets/images/icons/numerical_sorting_12.svg]
[coderthemes.com/codefox/layouts/horizontal/assets/images/icons/clear_filters.svg]
[coderthemes.com/codefox/layouts/horizontal/assets/images/icons/pie_chart.svg]
[coderthemes.com/codefox/layouts/horizontal/assets/images/icons/radar_plot.svg]
[coderthemes.com/codefox/layouts/horizontal/assets/images/icons/heat_map.svg]
[coderthemes.com/codefox/layouts/horizontal/assets/images/icons/scatter_plot.svg]
[coderthemes.com/codefox/layouts/horizontal/assets/images/icons/doughnut_chart.svg]
[coderthemes.com/codefox/layouts/horizontal/assets/images/icons/combo_chart.svg]
[coderthemes.com/codefox/layouts/horizontal/assets/images/icons/flow_chart.svg]
[coderthemes.com/codefox/layouts/horizontal/assets/images/icons/line_chart.svg]
[coderthemes.com/codefox/layouts/horizontal/assets/images/icons/genealogy.svg]
[coderthemes.com/codefox/layouts/horizontal/assets/images/icons/mind_map.svg]
[coderthemes.com/codefox/layouts/horizontal/assets/images/icons/workflow.svg]
[coderthemes.com/codefox/layouts/horizontal/assets/images/icons/positive_dynamic.svg]
[coderthemes.com/codefox/layouts/horizontal/assets/images/icons/negative_dynamic.svg]
[coderthemes.com/codefox/layouts/horizontal/assets/images/icons/export.svg]
[coderthemes.com/codefox/layouts/horizontal/assets/images/icons/import.svg]
[coderthemes.com/codefox/layouts/horizontal/icons-colored.html]
[coderthemes.com/codefox/layouts/horizontal/icons-materialdesign.html]
[coderthemes.com/codefox/layouts/horizontal/icons-dripicons.html]
[coderthemes.com/codefox/layouts/horizontal/icons-fontawesome.html]
[coderthemes.com/codefox/layouts/horizontal/icons-feather.html]
[coderthemes.com/codefox/layouts/horizontal/form-elements.html]
[coderthemes.com/codefox/layouts/horizontal/assets/libs/select2/select2.min.css]
[coderthemes.com/codefox/layouts/horizontal/assets/libs/bootstrap-tagsinput/bootstrap-tagsinput.css]
[coderthemes.com/codefox/layouts/horizontal/assets/libs/switchery/switchery.min.css]
[coderthemes.com/codefox/layouts/horizontal/assets/libs/bootstrap-touchspin/jquery.bootstrap-touchspin.css]
[coderthemes.com/codefox/layouts/horizontal/assets/libs/select2/select2.min.js]
[coderthemes.com/codefox/layouts/horizontal/assets/libs/jquery-mockjax/jquery.mockjax.min.js]
[coderthemes.com/codefox/layouts/horizontal/assets/libs/autocomplete/jquery.autocomplete.min.js]
[coderthemes.com/codefox/layouts/horizontal/assets/libs/bootstrap-tagsinput/bootstrap-tagsinput.min.js]
[coderthemes.com/codefox/layouts/horizontal/assets/libs/switchery/switchery.min.js]
[coderthemes.com/codefox/layouts/horizontal/assets/libs/bootstrap-maxlength/bootstrap-maxlength.min.js]
[coderthemes.com/codefox/layouts/horizontal/assets/libs/bootstrap-touchspin/jquery.bootstrap-touchspin.min.js]
[coderthemes.com/codefox/layouts/horizontal/assets/libs/bootstrap-filestyle2/bootstrap-filestyle.min.js]
[coderthemes.com/codefox/layouts/horizontal/form-advanced.html]
[coderthemes.com/codefox/layouts/horizontal/assets/js/pages/form-advanced.init.js]
[coderthemes.com/codefox/layouts/horizontal/assets/libs/parsleyjs/parsley.min.js]
[coderthemes.com/codefox/layouts/horizontal/form-validation.html]
[coderthemes.com/codefox/layouts/horizontal/assets/js/pages/form-validation.init.js]
[coderthemes.com/codefox/layouts/horizontal/assets/libs/bootstrap-timepicker/bootstrap-timepicker.min.css]
[coderthemes.com/codefox/layouts/horizontal/assets/libs/bootstrap-colorpicker/bootstrap-colorpicker.min.css]
[coderthemes.com/codefox/layouts/horizontal/assets/libs/bootstrap-daterangepicker/daterangepicker.css]
[coderthemes.com/codefox/layouts/horizontal/assets/libs/clockpicker/bootstrap-clockpicker.min.css]
[coderthemes.com/codefox/layouts/horizontal/assets/libs/bootstrap-datepicker/bootstrap-datepicker.min.css]
[coderthemes.com/codefox/layouts/horizontal/assets/libs/bootstrap-timepicker/bootstrap-timepicker.min.js]
[coderthemes.com/codefox/layouts/horizontal/assets/libs/bootstrap-colorpicker/bootstrap-colorpicker.min.js]
[coderthemes.com/codefox/layouts/horizontal/assets/libs/bootstrap-daterangepicker/daterangepicker.js]
[coderthemes.com/codefox/layouts/horizontal/assets/libs/clockpicker/bootstrap-clockpicker.min.js]
[coderthemes.com/codefox/layouts/horizontal/assets/libs/bootstrap-datepicker/bootstrap-datepicker.min.js]
[coderthemes.com/codefox/layouts/horizontal/form-pickers.html]
[coderthemes.com/codefox/layouts/horizontal/assets/js/pages/form-pickers.init.js]
[coderthemes.com/codefox/layouts/horizontal/assets/libs/jquery-steps/jquery.steps.min.js]
[coderthemes.com/codefox/layouts/horizontal/assets/libs/jquery-validation/jquery.validate.min.js]
[coderthemes.com/codefox/layouts/horizontal/form-wizard.html]
[coderthemes.com/codefox/layouts/horizontal/assets/js/pages/form-wizard.init.js]
[coderthemes.com/codefox/layouts/horizontal/assets/libs/jquery-mask-plugin/jquery.mask.min.js]
[coderthemes.com/codefox/layouts/horizontal/assets/libs/autonumeric/autoNumeric-min.js]
[coderthemes.com/codefox/layouts/horizontal/form-mask.html]
[coderthemes.com/codefox/layouts/horizontal/assets/libs/summernote/summernote-bs4.css]
[coderthemes.com/codefox/layouts/horizontal/assets/libs/summernote/summernote-bs4.min.js]
[coderthemes.com/codefox/layouts/horizontal/form-summernote.html]
[coderthemes.com/codefox/layouts/horizontal/assets/libs/quill/quill.core.css]
[coderthemes.com/codefox/layouts/horizontal/assets/libs/quill/quill.bubble.css]
[coderthemes.com/codefox/layouts/horizontal/assets/libs/quill/quill.snow.css]
[coderthemes.com/codefox/layouts/horizontal/assets/libs/katex/katex.min.js]
[coderthemes.com/codefox/layouts/horizontal/assets/libs/quill/quill.min.js]
[coderthemes.com/codefox/layouts/horizontal/form-quilljs.html]
[coderthemes.com/codefox/layouts/horizontal/assets/js/pages/form-quilljs.init.js]
[coderthemes.com/codefox/layouts/horizontal/assets/libs/dropify/dropify.min.css]
[coderthemes.com/codefox/layouts/horizontal/assets/libs/dropify/dropify.min.js]
[coderthemes.com/codefox/layouts/horizontal/form-uploads.html]
[coderthemes.com/codefox/layouts/horizontal/tables-basic.html]
[coderthemes.com/codefox/layouts/horizontal/tables-layouts.html]
[coderthemes.com/codefox/layouts/horizontal/assets/libs/datatables/dataTables.bootstrap4.min.css]
[coderthemes.com/codefox/layouts/horizontal/assets/libs/datatables/responsive.bootstrap4.min.css]
[coderthemes.com/codefox/layouts/horizontal/assets/libs/datatables/buttons.bootstrap4.min.css]
[coderthemes.com/codefox/layouts/horizontal/assets/libs/datatables/fixedHeader.bootstrap4.min.css]
[coderthemes.com/codefox/layouts/horizontal/assets/libs/datatables/scroller.bootstrap4.min.css]
[coderthemes.com/codefox/layouts/horizontal/assets/libs/datatables/dataTables.colVis.css]
[coderthemes.com/codefox/layouts/horizontal/assets/libs/datatables/jquery.dataTables.min.js]
[coderthemes.com/codefox/layouts/horizontal/assets/libs/datatables/dataTables.bootstrap4.min.js]
[coderthemes.com/codefox/layouts/horizontal/assets/libs/datatables/dataTables.responsive.min.js]
[coderthemes.com/codefox/layouts/horizontal/assets/libs/datatables/responsive.bootstrap4.min.js]
[coderthemes.com/codefox/layouts/horizontal/assets/libs/datatables/dataTables.buttons.min.js]
[coderthemes.com/codefox/layouts/horizontal/assets/libs/datatables/buttons.bootstrap4.min.js]
[coderthemes.com/codefox/layouts/horizontal/assets/libs/datatables/buttons.html5.min.js]
[coderthemes.com/codefox/layouts/horizontal/assets/libs/datatables/buttons.print.min.js]
[coderthemes.com/codefox/layouts/horizontal/assets/libs/datatables/dataTables.keyTable.min.js]
[coderthemes.com/codefox/layouts/horizontal/assets/libs/datatables/dataTables.fixedHeader.min.js]
[coderthemes.com/codefox/layouts/horizontal/assets/libs/datatables/dataTables.scroller.min.js]
[coderthemes.com/codefox/layouts/horizontal/assets/libs/datatables/dataTables.colVis.js]
[coderthemes.com/codefox/layouts/horizontal/assets/libs/jszip/jszip.min.js]
[coderthemes.com/codefox/layouts/horizontal/tables-datatable.html]
[coderthemes.com/codefox/layouts/horizontal/assets/js/pages/datatables.init.js]
[coderthemes.com/codefox/layouts/horizontal/assets/libs/rwd-table/rwd-table.min.css]
[coderthemes.com/codefox/layouts/horizontal/assets/libs/rwd-table/rwd-table.min.js]
[coderthemes.com/codefox/layouts/horizontal/tables-responsive.html]
[coderthemes.com/codefox/layouts/horizontal/assets/libs/tablesaw/tablesaw.css]
[coderthemes.com/codefox/layouts/horizontal/assets/libs/tablesaw/tablesaw.js]
[coderthemes.com/codefox/layouts/horizontal/tables-tablesaw.html]
[coderthemes.com/codefox/layouts/horizontal/assets/libs/jquery-tabledit/jquery.tabledit.min.js]
[coderthemes.com/codefox/layouts/horizontal/tables-editable.html]
[coderthemes.com/codefox/layouts/horizontal/assets/js/pages/tabledit.init.js]
[coderthemes.com/codefox/layouts/horizontal/assets/libs/flot-charts/jquery.flot.js]
[coderthemes.com/codefox/layouts/horizontal/assets/libs/flot-charts/jquery.flot.time.js]
[coderthemes.com/codefox/layouts/horizontal/assets/libs/flot-charts/jquery.flot.tooltip.min.js]
[coderthemes.com/codefox/layouts/horizontal/assets/libs/flot-charts/jquery.flot.resize.js]
[coderthemes.com/codefox/layouts/horizontal/assets/libs/pdfmake/pdfmake.min.js]
[coderthemes.com/codefox/layouts/horizontal/assets/libs/flot-charts/jquery.flot.pie.js]
[coderthemes.com/codefox/layouts/horizontal/assets/libs/pdfmake/vfs_fonts.js]
[coderthemes.com/codefox/layouts/horizontal/assets/libs/flot-charts/jquery.flot.selection.js]
[coderthemes.com/codefox/layouts/horizontal/assets/libs/flot-charts/jquery.flot.stack.js]
[coderthemes.com/codefox/layouts/horizontal/assets/libs/flot-charts/jquery.flot.orderBars.js]
[coderthemes.com/codefox/layouts/horizontal/assets/libs/flot-charts/jquery.flot.crosshair.js]
[coderthemes.com/codefox/layouts/horizontal/charts-flot.html]
[coderthemes.com/codefox/layouts/horizontal/assets/js/pages/flot.init.js]
[coderthemes.com/codefox/layouts/horizontal/assets/libs/morris-js/morris.min.js]
[coderthemes.com/codefox/layouts/horizontal/assets/libs/raphael/raphael.min.js]
[coderthemes.com/codefox/layouts/horizontal/charts-morris.html]
[coderthemes.com/codefox/layouts/horizontal/assets/js/pages/morris.init.js]
[coderthemes.com/codefox/layouts/horizontal/charts-google.html]
[coderthemes.com/codefox/layouts/horizontal/assets/js/pages/google-charts.init.js]
[coderthemes.com/codefox/layouts/horizontal/assets/libs/chartist/chartist.min.css]
[coderthemes.com/codefox/layouts/horizontal/assets/libs/chartist/chartist.min.js]
[coderthemes.com/codefox/layouts/horizontal/assets/libs/chartist/chartist-plugin-tooltip.min.js]
[coderthemes.com/codefox/layouts/horizontal/charts-chartist.html]
[coderthemes.com/codefox/layouts/horizontal/assets/js/pages/chartist.init.js]
[coderthemes.com/codefox/layouts/horizontal/charts-chartjs.html]
[coderthemes.com/codefox/layouts/horizontal/assets/js/pages/chartjs.init.js]
[coderthemes.com/codefox/layouts/horizontal/assets/libs/chart-js/Chart.bundle.min.js]
[coderthemes.com/codefox/layouts/horizontal/charts-c3.html]
[coderthemes.com/codefox/layouts/horizontal/assets/js/pages/c3.init.js]
[coderthemes.com/codefox/layouts/horizontal/assets/libs/jquery-sparkline/jquery.sparkline.min.js]
[coderthemes.com/codefox/layouts/horizontal/charts-sparkline.html]
[coderthemes.com/codefox/layouts/horizontal/charts-knob.html]
[coderthemes.com/codefox/layouts/horizontal/assets/js/pages/sparkline.init.js]
[coderthemes.com/codefox/layouts/horizontal/assets/libs/gmaps/gmaps.min.js]
[coderthemes.com/codefox/layouts/horizontal/maps-google.html]
[coderthemes.com/codefox/layouts/horizontal/assets/js/pages/google-maps.init.js]
[coderthemes.com/codefox/layouts/horizontal/assets/libs/jquery-vectormap/jquery-jvectormap-1.2.2.css]
[coderthemes.com/codefox/layouts/horizontal/assets/libs/jquery-vectormap/jquery-jvectormap-1.2.2.min.js]
[coderthemes.com/codefox/layouts/horizontal/assets/libs/jquery-vectormap/jquery-jvectormap-world-mill-en.js]
[coderthemes.com/codefox/layouts/horizontal/assets/libs/jquery-vectormap/jquery-jvectormap-us-merc-en.js]
[coderthemes.com/codefox/layouts/horizontal/assets/libs/jquery-vectormap/jquery-jvectormap-in-mill-en.js]
[coderthemes.com/codefox/layouts/horizontal/assets/libs/jquery-vectormap/jquery-jvectormap-au-mill-en.js]
[coderthemes.com/codefox/layouts/horizontal/assets/libs/jquery-vectormap/jquery-jvectormap-us-il-chicago-mill-en.js]
[coderthemes.com/codefox/layouts/horizontal/assets/libs/jquery-vectormap/jquery-jvectormap-uk-mill-en.js]
[coderthemes.com/codefox/layouts/horizontal/assets/libs/jquery-vectormap/jquery-jvectormap-ca-lcc-en.js]
[coderthemes.com/codefox/layouts/horizontal/maps-vector.html]
[coderthemes.com/codefox/layouts/horizontal/assets/js/pages/vector-maps.init.js]
[coderthemes.com/codefox/layouts/horizontal/assets/libs/jquery-mapael/jquery.mapael.min.js]
[coderthemes.com/codefox/layouts/horizontal/assets/libs/jquery-mapael/world_countries.min.js]
[coderthemes.com/codefox/layouts/horizontal/assets/libs/jquery-mapael/usa_states.min.js]
[coderthemes.com/codefox/layouts/horizontal/maps-mapael.html]
[coderthemes.com/codefox/layouts/horizontal/layouts-vertical.html]
[coderthemes.com/codefox/layouts/horizontal/layouts-topbar-light.html]
[coderthemes.com/codefox/layouts/horizontal/layouts-center-menu.html]
[coderthemes.com/codefox/layouts/horizontal/layouts-normal-header.html]
[coderthemes.com/codefox/layouts/horizontal/layouts-boxed.html]
[coderthemes.com/codefox/layouts/horizontal/pages-starter.html]
[coderthemes.com/codefox/layouts/horizontal/assets/js/pages/mapael-maps.init.js]
[coderthemes.com/codefox/layouts/horizontal/pages-login.html]
[coderthemes.com/codefox/layouts/horizontal/pages-register.html]
[coderthemes.com/codefox/layouts/horizontal/pages-logout.html]
[coderthemes.com/codefox/layouts/horizontal/pages-recoverpw.html]
[coderthemes.com/codefox/layouts/horizontal/pages-lock-screen.html]
[coderthemes.com/codefox/layouts/horizontal/pages-confirm-mail.html]
[coderthemes.com/codefox/layouts/horizontal/pages-404.html]
[coderthemes.com/codefox/layouts/horizontal/pages-404-alt.html]
[coderthemes.com/codefox/layouts/horizontal/pages-500.html]
[coderthemes.com/codefox/layouts/horizontal/extras-about.html]
[coderthemes.com/codefox/layouts/horizontal/extras-contact.html]
[coderthemes.com/codefox/layouts/horizontal/extras-members.html]
[coderthemes.com/codefox/layouts/horizontal/extras-timeline.html]
[coderthemes.com/codefox/layouts/horizontal/extras-invoice.html]
[coderthemes.com/codefox/layouts/horizontal/assets/images/animat-rocket-color.gif]
[coderthemes.com/codefox/layouts/horizontal/extras-maintenance.html]
[coderthemes.com/codefox/layouts/horizontal/assets/libs/jquery-countdown/jquery.countdown.min.js]
[coderthemes.com/codefox/layouts/horizontal/extras-coming-soon.html]
[coderthemes.com/codefox/layouts/horizontal/extras-faq.html]
[coderthemes.com/codefox/layouts/horizontal/extras-pricing.html]
[coderthemes.com/codefox/layouts/horizontal/assets/css/bootstrap-dark.min.css]
[coderthemes.com/codefox/layouts/horizontal/assets/css/app-dark.min.css]
[coderthemes.com/codefox/layouts/horizontal/assets/css/app-rtl.min.css]
[coderthemes.com/codefox/layouts/horizontal/assets/css/app-dark-rtl.min.css]
[coderthemes.com/codefox/layouts/horizontal/assets/js/vendor.min.js]
[coderthemes.com/codefox/layouts/horizontal/assets/libs/bootstrap-select/bootstrap-select.min.js]
[coderthemes.com/codefox/layouts/horizontal/assets/libs/c3/c3.min.js]
[coderthemes.com/codefox/layouts/horizontal/assets/js/pages/coming-soon.init.js]
[coderthemes.com/codefox/layouts/horizontal/assets/libs/d3/d3.min.js]
[coderthemes.com/codefox/layouts/horizontal/assets/js/pages/dashboard.init.js]
[coderthemes.com/codefox/layouts/horizontal/assets/js/app.min.js]
[coderthemes.com/codefox/layouts/horizontal/assets/fonts/materialdesignicons-webfontbd7d.svg]
[coderthemes.com/codefox/layouts/horizontal/assets/fonts/feathere8ab.svg]
[coderthemes.com/codefox/layouts/horizontal/assets/fonts/fa-brands-400.svg]
[coderthemes.com/codefox/layouts/horizontal/assets/fonts/fa-regular-400.svg]
[coderthemes.com/codefox/layouts/horizontal/assets/fonts/fa-solid-900.svg]
[coderthemes.com/codefox/layouts/horizontal/assets/fonts/dripicons-v2.svg]
[coderthemes.com/codefox/layouts/horizontal/assets/libs/custombox/custombox.min.css]
[coderthemes.com/codefox/layouts/horizontal/assets/libs/custombox/custombox.min.js]
[coderthemes.com/codefox/layouts/horizontal/assets/libs/jquery-toast/jquery.toast.min.css]
[coderthemes.com/codefox/layouts/horizontal/assets/libs/jquery-toast/jquery.toast.min.js]
[coderthemes.com/codefox/layouts/horizontal/assets/js/pages/toastr.init.js]
[coderthemes.com/codefox/layouts/horizontal/assets/libs/tooltipster/tooltipster.bundle.min.css]
[coderthemes.com/codefox/layouts/horizontal/assets/libs/tooltipster/tooltipster.bundle.min.js]
[coderthemes.com/codefox/layouts/horizontal/assets/js/pages/tooltipster.init.js]
[coderthemes.com/codefox/layouts/horizontal/assets/libs/fullcalendar/fullcalendar.min.css]
[coderthemes.com/codefox/layouts/horizontal/assets/libs/moment/moment.min.js]
[coderthemes.com/codefox/layouts/horizontal/assets/libs/jquery-ui/jquery-ui.min.js]
[coderthemes.com/codefox/layouts/horizontal/assets/libs/fullcalendar/fullcalendar.min.js]
[coderthemes.com/codefox/layouts/horizontal/assets/js/pages/calendar.init.js]
[coderthemes.com/codefox/layouts/horizontal/assets/libs/sweetalert2/sweetalert2.min.css]
[coderthemes.com/codefox/layouts/horizontal/assets/libs/sweetalert2/sweetalert2.min.js]
[coderthemes.com/codefox/layouts/horizontal/assets/js/pages/sweet-alerts.init.js]
[coderthemes.com/codefox/layouts/horizontal/assets/images/icons/clock.svg]
[coderthemes.com/codefox/layouts/horizontal/assets/images/icons/advertising.svg]
[coderthemes.com/codefox/layouts/horizontal/assets/images/icons/paid.svg]
[coderthemes.com/codefox/layouts/horizontal/assets/images/icons/timeline.svg]
[coderthemes.com/codefox/layouts/horizontal/assets/libs/jquery-knob/jquery.knob.min.js]
[coderthemes.com/codefox/layouts/horizontal/assets/libs/nestable2/jquery.nestable.min.css]
[coderthemes.com/codefox/layouts/horizontal/assets/libs/nestable2/jquery.nestable.min.js]
[coderthemes.com/codefox/layouts/horizontal/assets/js/pages/nestable.init.js]
[coderthemes.com/codefox/layouts/horizontal/assets/libs/ion-rangeslider/ion.rangeSlider.css]
[coderthemes.com/codefox/layouts/horizontal/assets/libs/ion-rangeslider/ion.rangeSlider.min.js]
[coderthemes.com/codefox/layouts/horizontal/assets/js/pages/range-sliders.init.js]
[coderthemes.com/codefox/layouts/horizontal/assets/libs/raty-fa/jquery.raty-fa.js]
[coderthemes.com/codefox/layouts/horizontal/assets/js/pages/rating.init.js]
[coderthemes.com/codefox/layouts/horizontal/assets/images/icons/flash_on.svg]
[coderthemes.com/codefox/layouts/horizontal/assets/images/icons/flash_off.svg]
[coderthemes.com/codefox/layouts/horizontal/assets/images/icons/flash_auto.svg]
[coderthemes.com/codefox/layouts/horizontal/assets/images/icons/panorama.svg]
[coderthemes.com/codefox/layouts/horizontal/assets/images/icons/landscape.svg]
[coderthemes.com/codefox/layouts/horizontal/assets/images/icons/night_landscape.svg]
[coderthemes.com/codefox/layouts/horizontal/assets/images/icons/sports_mode.svg]
[coderthemes.com/codefox/layouts/horizontal/assets/images/icons/portrait_mode.svg]
[coderthemes.com/codefox/layouts/horizontal/assets/images/icons/night_portrait.svg]
[coderthemes.com/codefox/layouts/horizontal/assets/images/icons/close_up_mode.svg]
[coderthemes.com/codefox/layouts/horizontal/assets/images/icons/selfie.svg]
[coderthemes.com/codefox/layouts/horizontal/assets/images/icons/gallery.svg]
[coderthemes.com/codefox/layouts/horizontal/assets/images/icons/stack_of_photos.svg]
[coderthemes.com/codefox/layouts/horizontal/assets/images/icons/add_image.svg]
[coderthemes.com/codefox/layouts/horizontal/assets/images/icons/edit_image.svg]
[coderthemes.com/codefox/layouts/horizontal/assets/images/icons/remove_image.svg]
[coderthemes.com/codefox/layouts/horizontal/assets/images/icons/compact_camera.svg]
[coderthemes.com/codefox/layouts/horizontal/assets/images/icons/multiple_cameras.svg]
[coderthemes.com/codefox/layouts/horizontal/assets/images/icons/camera.svg]
[coderthemes.com/codefox/layouts/horizontal/assets/images/icons/slr_back_side.svg]
[coderthemes.com/codefox/layouts/horizontal/assets/images/icons/old_time_camera.svg]
[coderthemes.com/codefox/layouts/horizontal/assets/images/icons/camera_addon.svg]
[coderthemes.com/codefox/layouts/horizontal/assets/images/icons/camera_identification.svg]
[coderthemes.com/codefox/layouts/horizontal/assets/images/icons/start.svg]
[coderthemes.com/codefox/layouts/horizontal/assets/images/icons/clapperboard.svg]
[coderthemes.com/codefox/layouts/horizontal/assets/images/icons/film.svg]
[coderthemes.com/codefox/layouts/horizontal/assets/images/icons/camcorder.svg]
[coderthemes.com/codefox/layouts/horizontal/assets/images/icons/camcorder_pro.svg]
[coderthemes.com/codefox/layouts/horizontal/assets/images/icons/webcam.svg]
[coderthemes.com/codefox/layouts/horizontal/assets/images/icons/integrated_webcam.svg]
[coderthemes.com/codefox/layouts/horizontal/assets/images/icons/rotate_camera.svg]
[coderthemes.com/codefox/layouts/horizontal/assets/images/icons/switch_camera.svg]
[coderthemes.com/codefox/layouts/horizontal/assets/images/icons/photo_reel.svg]
[coderthemes.com/codefox/layouts/horizontal/assets/images/icons/film_reel.svg]
[coderthemes.com/codefox/layouts/horizontal/assets/images/icons/cable_release.svg]
[coderthemes.com/codefox/layouts/horizontal/assets/images/icons/home.svg]
[coderthemes.com/codefox/layouts/horizontal/assets/images/icons/icons8_cup.svg]
[coderthemes.com/codefox/layouts/horizontal/assets/images/icons/globe.svg]
[coderthemes.com/codefox/layouts/horizontal/assets/images/icons/ok.svg]
[coderthemes.com/codefox/layouts/horizontal/assets/images/icons/checkmark.svg]
[coderthemes.com/codefox/layouts/horizontal/assets/images/icons/cancel.svg]
[coderthemes.com/codefox/layouts/horizontal/assets/images/icons/synchronize.svg]
[coderthemes.com/codefox/layouts/horizontal/assets/images/icons/refresh.svg]
[coderthemes.com/codefox/layouts/horizontal/assets/images/icons/download.svg]
[coderthemes.com/codefox/layouts/horizontal/assets/images/icons/upload.svg]
[coderthemes.com/codefox/layouts/horizontal/assets/images/icons/empty_trash.svg]
[coderthemes.com/codefox/layouts/horizontal/assets/images/icons/full_trash.svg]
[coderthemes.com/codefox/layouts/horizontal/assets/images/icons/folder.svg]
[coderthemes.com/codefox/layouts/horizontal/assets/images/icons/opened_folder.svg]
[coderthemes.com/codefox/layouts/horizontal/assets/images/icons/file.svg]
[coderthemes.com/codefox/layouts/horizontal/assets/images/icons/document.svg]
[coderthemes.com/codefox/layouts/horizontal/assets/images/icons/audio_file.svg]
[coderthemes.com/codefox/layouts/horizontal/assets/images/icons/image_file.svg]
[coderthemes.com/codefox/layouts/horizontal/assets/images/icons/video_file.svg]
[coderthemes.com/codefox/layouts/horizontal/assets/images/icons/print.svg]
[coderthemes.com/codefox/layouts/horizontal/assets/images/icons/music.svg]
[coderthemes.com/codefox/layouts/horizontal/assets/images/icons/share.svg]
[coderthemes.com/codefox/layouts/horizontal/assets/images/icons/cursor.svg]
[coderthemes.com/codefox/layouts/horizontal/assets/images/icons/puzzle.svg]
[coderthemes.com/codefox/layouts/horizontal/assets/images/icons/unlock.svg]
[coderthemes.com/codefox/layouts/horizontal/assets/images/icons/lock.svg]
[coderthemes.com/codefox/layouts/horizontal/assets/images/icons/idea.svg]
[coderthemes.com/codefox/layouts/horizontal/assets/images/icons/no_idea.svg]
[coderthemes.com/codefox/layouts/horizontal/assets/images/icons/link.svg]
[coderthemes.com/codefox/layouts/horizontal/assets/images/icons/broken_link.svg]
[coderthemes.com/codefox/layouts/horizontal/assets/images/icons/rating.svg]
[coderthemes.com/codefox/layouts/horizontal/assets/images/icons/like_placeholder.svg]
[coderthemes.com/codefox/layouts/horizontal/assets/images/icons/like.svg]
[coderthemes.com/codefox/layouts/horizontal/assets/images/icons/dislike.svg]
[coderthemes.com/codefox/layouts/horizontal/assets/images/icons/info.svg]
[coderthemes.com/codefox/layouts/horizontal/assets/images/icons/about.svg]
[coderthemes.com/codefox/layouts/horizontal/assets/images/icons/picture.svg]
[coderthemes.com/codefox/layouts/horizontal/assets/images/icons/alarm_clock.svg]
[coderthemes.com/codefox/layouts/horizontal/assets/images/icons/address_book.svg]
[coderthemes.com/codefox/layouts/horizontal/assets/images/icons/contacts.svg]
[coderthemes.com/codefox/layouts/horizontal/assets/images/icons/news.svg]
[coderthemes.com/codefox/layouts/horizontal/assets/images/icons/bookmark.svg]
[coderthemes.com/codefox/layouts/horizontal/assets/images/icons/binoculars.svg]
[coderthemes.com/codefox/layouts/horizontal/assets/images/icons/search.svg]
[coderthemes.com/codefox/layouts/horizontal/assets/images/icons/ruler.svg]
[coderthemes.com/codefox/layouts/horizontal/assets/images/icons/services.svg]
[coderthemes.com/codefox/layouts/horizontal/assets/images/icons/settings.svg]
[coderthemes.com/codefox/layouts/horizontal/assets/images/icons/support.svg]
[coderthemes.com/codefox/layouts/horizontal/assets/images/icons/frame.svg]
[coderthemes.com/codefox/layouts/horizontal/assets/images/icons/menu.svg]
[coderthemes.com/codefox/layouts/horizontal/assets/images/icons/key.svg]
[coderthemes.com/codefox/layouts/horizontal/assets/images/icons/calendar.svg]
[coderthemes.com/codefox/layouts/horizontal/assets/images/icons/calculator.svg]
[coderthemes.com/codefox/layouts/horizontal/assets/images/icons/minus.svg]
[coderthemes.com/codefox/layouts/horizontal/assets/images/icons/plus.svg]
[coderthemes.com/codefox/layouts/horizontal/assets/images/icons/graduation_cap.svg]
[coderthemes.com/codefox/layouts/horizontal/assets/images/icons/briefcase.svg]
[coderthemes.com/codefox/layouts/horizontal/assets/images/icons/business.svg]
[coderthemes.com/codefox/layouts/horizontal/assets/images/icons/signature.svg]
[coderthemes.com/codefox/layouts/horizontal/assets/images/icons/safe.svg]
[coderthemes.com/codefox/layouts/horizontal/assets/images/icons/businessman.svg]
[coderthemes.com/codefox/layouts/horizontal/assets/images/icons/businesswoman.svg]
[coderthemes.com/codefox/layouts/horizontal/assets/images/icons/manager.svg]
[coderthemes.com/codefox/layouts/horizontal/assets/images/icons/online_support.svg]
[coderthemes.com/codefox/layouts/horizontal/assets/images/icons/assistant.svg]
[coderthemes.com/codefox/layouts/horizontal/assets/images/icons/customer_support.svg]
[coderthemes.com/codefox/layouts/horizontal/assets/images/icons/reading_ebook.svg]
[coderthemes.com/codefox/layouts/horizontal/assets/images/icons/reading.svg]
[coderthemes.com/codefox/layouts/horizontal/assets/images/icons/neutral_trading.svg]
[coderthemes.com/codefox/layouts/horizontal/assets/images/icons/bullish.svg]
[coderthemes.com/codefox/layouts/horizontal/assets/images/icons/bearish.svg]
[coderthemes.com/codefox/layouts/horizontal/assets/images/icons/high_priority.svg]
[coderthemes.com/codefox/layouts/horizontal/assets/images/icons/medium_priority.svg]
[coderthemes.com/codefox/layouts/horizontal/assets/images/icons/low_priority.svg]
[coderthemes.com/codefox/layouts/horizontal/assets/images/icons/make_decision.svg]
[coderthemes.com/codefox/layouts/horizontal/assets/images/icons/decision.svg]
[coderthemes.com/codefox/layouts/horizontal/assets/images/icons/good_decision.svg]
[coderthemes.com/codefox/layouts/horizontal/assets/images/icons/neutral_decision.svg]
[coderthemes.com/codefox/layouts/horizontal/assets/images/icons/bad_decision.svg]
[coderthemes.com/codefox/layouts/horizontal/assets/images/icons/approve.svg]
[coderthemes.com/codefox/layouts/horizontal/assets/images/icons/disapprove.svg]
[coderthemes.com/codefox/layouts/horizontal/assets/images/icons/podium_without_speaker.svg]
[coderthemes.com/codefox/layouts/horizontal/assets/images/icons/podium_with_speaker.svg]
[coderthemes.com/codefox/layouts/horizontal/assets/images/icons/podium_with_audience.svg]
[coderthemes.com/codefox/layouts/horizontal/assets/images/icons/video_projector.svg]
[coderthemes.com/codefox/layouts/horizontal/assets/images/icons/statistics.svg]
[coderthemes.com/codefox/layouts/horizontal/assets/images/icons/collaboration.svg]
[coderthemes.com/codefox/layouts/horizontal/assets/images/icons/voice_presentation.svg]
[coderthemes.com/codefox/layouts/horizontal/assets/images/icons/conference_call.svg]
[coderthemes.com/codefox/layouts/horizontal/assets/images/icons/comments.svg]
[coderthemes.com/codefox/layouts/horizontal/assets/images/icons/faq.svg]
[coderthemes.com/codefox/layouts/horizontal/assets/images/icons/reuse.svg]
[coderthemes.com/codefox/layouts/horizontal/assets/images/icons/organization.svg]
[coderthemes.com/codefox/layouts/horizontal/assets/images/icons/department.svg]
[coderthemes.com/codefox/layouts/horizontal/assets/images/icons/library.svg]
[coderthemes.com/codefox/layouts/horizontal/assets/images/icons/shop.svg]
[coderthemes.com/codefox/layouts/horizontal/assets/images/icons/self_service_kiosk.svg]
[coderthemes.com/codefox/layouts/horizontal/assets/images/icons/donate.svg]
[coderthemes.com/codefox/layouts/horizontal/assets/images/icons/currency_exchange.svg]
[coderthemes.com/codefox/layouts/horizontal/assets/images/icons/debt.svg]
[coderthemes.com/codefox/layouts/horizontal/assets/images/icons/sales_performance.svg]
[coderthemes.com/codefox/layouts/horizontal/assets/images/icons/invite.svg]
[coderthemes.com/codefox/layouts/horizontal/assets/images/icons/money_transfer.svg]
[coderthemes.com/codefox/layouts/horizontal/assets/images/icons/feedback.svg]
[coderthemes.com/codefox/layouts/horizontal/assets/images/icons/approval.svg]
[coderthemes.com/codefox/layouts/horizontal/assets/images/icons/in_transit.svg]
[coderthemes.com/codefox/layouts/horizontal/assets/images/icons/shipped.svg]
[coderthemes.com/codefox/layouts/horizontal/assets/images/icons/package.svg]
[coderthemes.com/codefox/layouts/horizontal/assets/images/icons/planner.svg]
[coderthemes.com/codefox/layouts/horizontal/assets/images/icons/overtime.svg]
[coderthemes.com/codefox/layouts/horizontal/assets/images/icons/leave.svg]
[coderthemes.com/codefox/layouts/horizontal/assets/images/icons/expired.svg]
[coderthemes.com/codefox/layouts/horizontal/assets/images/icons/process.svg]
[coderthemes.com/codefox/layouts/horizontal/assets/images/icons/diploma_1.svg]
[coderthemes.com/codefox/layouts/horizontal/assets/images/icons/diploma_2.svg]
[coderthemes.com/codefox/layouts/horizontal/assets/images/icons/business_contact.svg]
[coderthemes.com/codefox/layouts/horizontal/assets/images/icons/survey.svg]
[coderthemes.com/codefox/layouts/horizontal/assets/images/icons/inspection.svg]
[coderthemes.com/codefox/layouts/horizontal/assets/images/icons/rules.svg]
[coderthemes.com/codefox/layouts/horizontal/assets/images/icons/todo_list.svg]
[coderthemes.com/codefox/layouts/horizontal/assets/images/icons/ratings.svg]
[coderthemes.com/codefox/layouts/horizontal/assets/images/icons/questions.svg]
[coderthemes.com/codefox/layouts/horizontal/assets/images/icons/answers.svg]
[coderthemes.com/codefox/layouts/horizontal/assets/images/icons/fine_print.svg]
[coderthemes.com/codefox/layouts/horizontal/assets/images/icons/candle_sticks.svg]
[coderthemes.com/codefox/layouts/horizontal/assets/images/icons/serial_tasks.svg]
[coderthemes.com/codefox/layouts/horizontal/assets/images/icons/parallel_tasks.svg]
[coderthemes.com/codefox/layouts/horizontal/assets/images/icons/tree_structure.svg]
[coderthemes.com/codefox/layouts/horizontal/assets/images/icons/org_unit.svg]
[coderthemes.com/codefox/layouts/horizontal/assets/images/icons/privacy.svg]
[coderthemes.com/codefox/layouts/horizontal/assets/images/icons/disclaimer.svg]
[coderthemes.com/codefox/layouts/horizontal/assets/images/icons/callback.svg]
[coderthemes.com/codefox/layouts/horizontal/assets/images/icons/service_mark.svg]
[coderthemes.com/codefox/layouts/horizontal/assets/images/icons/registered_trademark.svg]
[coderthemes.com/codefox/layouts/horizontal/assets/images/icons/trademark.svg]
[coderthemes.com/codefox/layouts/horizontal/assets/images/icons/copyright.svg]
[coderthemes.com/codefox/layouts/horizontal/assets/images/icons/copyleft.svg]
[coderthemes.com/codefox/layouts/horizontal/assets/images/icons/sound_recording_copyright.svg]
[coderthemes.com/codefox/layouts/horizontal/assets/images/icons/butting_in.svg]
[coderthemes.com/codefox/layouts/horizontal/assets/images/icons/multiple_inputs.svg]
[coderthemes.com/codefox/layouts/horizontal/assets/images/icons/collect.svg]
[coderthemes.com/codefox/layouts/horizontal/assets/images/icons/internal.svg]
[coderthemes.com/codefox/layouts/horizontal/assets/images/icons/external.svg]
[coderthemes.com/codefox/layouts/horizontal/assets/images/icons/vip.svg]
[coderthemes.com/codefox/layouts/horizontal/assets/images/icons/light_at_the_end_of_tunnel.svg]
[coderthemes.com/codefox/layouts/horizontal/assets/images/icons/entering_heaven_alive.svg]
[coderthemes.com/codefox/layouts/horizontal/assets/images/icons/biomass.svg]
[coderthemes.com/codefox/layouts/horizontal/assets/images/icons/display.svg]
[coderthemes.com/codefox/layouts/horizontal/assets/images/icons/do_not_inhale.svg]
[coderthemes.com/codefox/layouts/horizontal/assets/images/icons/factory.svg]
[coderthemes.com/codefox/layouts/horizontal/assets/images/icons/factory_breakdown.svg]
[coderthemes.com/codefox/layouts/horizontal/assets/images/icons/crystal_oscillator.svg]
[coderthemes.com/codefox/layouts/horizontal/assets/images/icons/capacitor.svg]
[coderthemes.com/codefox/layouts/horizontal/assets/images/icons/electricity.svg]
[coderthemes.com/codefox/layouts/horizontal/assets/images/icons/electro_devices.svg]
[coderthemes.com/codefox/layouts/horizontal/assets/images/icons/electrical_sensor.svg]
[coderthemes.com/codefox/layouts/horizontal/assets/images/icons/electrical_threshold.svg]
[coderthemes.com/codefox/layouts/horizontal/assets/images/icons/automotive.svg]
[coderthemes.com/codefox/layouts/horizontal/assets/images/icons/feed_in.svg]
[coderthemes.com/codefox/layouts/horizontal/assets/images/icons/dam.svg]
[coderthemes.com/codefox/layouts/horizontal/assets/images/icons/biotech.svg]
[coderthemes.com/codefox/layouts/horizontal/assets/images/icons/advance.svg]
[coderthemes.com/codefox/layouts/horizontal/assets/images/icons/cloth.svg]
[coderthemes.com/codefox/layouts/horizontal/assets/images/icons/electronics.svg]
[coderthemes.com/codefox/layouts/horizontal/assets/images/icons/deployment.svg]
[coderthemes.com/codefox/layouts/horizontal/assets/images/icons/automatic.svg]
[coderthemes.com/codefox/layouts/horizontal/assets/images/icons/do_not_insert.svg]
[coderthemes.com/codefox/layouts/horizontal/assets/images/icons/do_not_mix.svg]
[coderthemes.com/codefox/layouts/horizontal/assets/images/icons/biohazard.svg]
[coderthemes.com/codefox/layouts/horizontal/assets/images/icons/circuit.svg]
[coderthemes.com/codefox/layouts/horizontal/assets/images/icons/engineering.svg]
[coderthemes.com/codefox/layouts/horizontal/assets/images/icons/cell_phone.svg]
[coderthemes.com/codefox/layouts/horizontal/assets/images/icons/iphone.svg]
[coderthemes.com/codefox/layouts/horizontal/assets/images/icons/ipad.svg]
[coderthemes.com/codefox/layouts/horizontal/assets/images/icons/phone_android.svg]
[coderthemes.com/codefox/layouts/horizontal/assets/images/icons/tablet_android.svg]
[coderthemes.com/codefox/layouts/horizontal/assets/images/icons/nook.svg]
[coderthemes.com/codefox/layouts/horizontal/assets/images/icons/kindle.svg]
[coderthemes.com/codefox/layouts/horizontal/assets/images/icons/two_smartphones.svg]
[coderthemes.com/codefox/layouts/horizontal/assets/images/icons/multiple_devices.svg]
[coderthemes.com/codefox/layouts/horizontal/assets/images/icons/multiple_smartphones.svg]
[coderthemes.com/codefox/layouts/horizontal/assets/images/icons/smartphone_tablet.svg]
[coderthemes.com/codefox/layouts/horizontal/assets/images/icons/touchscreen_smartphone.svg]
[coderthemes.com/codefox/layouts/horizontal/assets/images/icons/sim_card.svg]
[coderthemes.com/codefox/layouts/horizontal/assets/images/icons/sim_card_chip.svg]
[coderthemes.com/codefox/layouts/horizontal/assets/images/icons/sms.svg]
[coderthemes.com/codefox/layouts/horizontal/assets/images/icons/mms.svg]
[coderthemes.com/codefox/layouts/horizontal/assets/images/icons/charge_battery.svg]
[coderthemes.com/codefox/layouts/horizontal/assets/images/icons/full_battery.svg]
[coderthemes.com/codefox/layouts/horizontal/assets/images/icons/high_battery.svg]
[coderthemes.com/codefox/layouts/horizontal/assets/images/icons/middle_battery.svg]
[coderthemes.com/codefox/layouts/horizontal/assets/images/icons/low_battery.svg]
[coderthemes.com/codefox/layouts/horizontal/assets/images/icons/empty_battery.svg]
[coderthemes.com/codefox/layouts/horizontal/assets/images/icons/phone.svg]
[coderthemes.com/codefox/layouts/horizontal/assets/images/icons/missed_call.svg]
[coderthemes.com/codefox/layouts/horizontal/assets/images/icons/end_call.svg]
[coderthemes.com/codefox/layouts/horizontal/assets/images/icons/call_transfer.svg]
[coderthemes.com/codefox/layouts/horizontal/assets/images/icons/video_call.svg]
[coderthemes.com/codefox/layouts/horizontal/assets/images/icons/no_video.svg]
[coderthemes.com/codefox/layouts/horizontal/assets/images/icons/rotate_to_portrait.svg]
[coderthemes.com/codefox/layouts/horizontal/assets/images/icons/lock_portrait.svg]
[coderthemes.com/codefox/layouts/horizontal/assets/images/icons/rotate_to_landscape.svg]
[coderthemes.com/codefox/layouts/horizontal/assets/images/icons/lock_landscape.svg]
[coderthemes.com/codefox/layouts/horizontal/assets/images/icons/voicemail.svg]
[coderthemes.com/codefox/layouts/horizontal/assets/images/icons/speaker.svg]
[coderthemes.com/codefox/layouts/horizontal/assets/images/icons/headset.svg]
[coderthemes.com/codefox/layouts/horizontal/assets/images/icons/left_up.svg]
[coderthemes.com/codefox/layouts/horizontal/assets/images/icons/up.svg]
[coderthemes.com/codefox/layouts/horizontal/assets/images/icons/right_up.svg]
[coderthemes.com/codefox/layouts/horizontal/assets/images/icons/left.svg]
[coderthemes.com/codefox/layouts/horizontal/assets/images/icons/right.svg]
[coderthemes.com/codefox/layouts/horizontal/assets/images/icons/left_down.svg]
[coderthemes.com/codefox/layouts/horizontal/assets/images/icons/down.svg]
[coderthemes.com/codefox/layouts/horizontal/assets/images/icons/right_down.svg]
[coderthemes.com/codefox/layouts/horizontal/assets/images/icons/collapse.svg]
[coderthemes.com/codefox/layouts/horizontal/assets/images/icons/previous.svg]
[coderthemes.com/codefox/layouts/horizontal/assets/images/icons/next.svg]
[coderthemes.com/codefox/layouts/horizontal/assets/images/icons/expand.svg]
[coderthemes.com/codefox/layouts/horizontal/assets/images/icons/left_down2.svg]
[coderthemes.com/codefox/layouts/horizontal/assets/images/icons/up_left.svg]
[coderthemes.com/codefox/layouts/horizontal/assets/images/icons/down_right.svg]
[coderthemes.com/codefox/layouts/horizontal/assets/images/icons/right_up2.svg]
[coderthemes.com/codefox/layouts/horizontal/assets/images/icons/up_right.svg]
[coderthemes.com/codefox/layouts/horizontal/assets/images/icons/right_down2.svg]
[coderthemes.com/codefox/layouts/horizontal/assets/images/icons/left_up2.svg]
[coderthemes.com/codefox/layouts/horizontal/assets/images/icons/down_left.svg]
[coderthemes.com/codefox/layouts/horizontal/assets/images/icons/undo.svg]
[coderthemes.com/codefox/layouts/horizontal/assets/images/icons/redo.svg]
[coderthemes.com/codefox/layouts/horizontal/assets/images/icons/filing_cabinet.svg]
[coderthemes.com/codefox/layouts/horizontal/assets/images/icons/database.svg]
[coderthemes.com/codefox/layouts/horizontal/assets/images/icons/accept_database.svg]
[coderthemes.com/codefox/layouts/horizontal/assets/images/icons/add_database.svg]
[coderthemes.com/codefox/layouts/horizontal/assets/images/icons/delete_database.svg]
[coderthemes.com/codefox/layouts/horizontal/assets/images/icons/data_backup.svg]
[coderthemes.com/codefox/layouts/horizontal/assets/images/icons/data_recovery.svg]
[coderthemes.com/codefox/layouts/horizontal/assets/images/icons/data_configuration.svg]
[coderthemes.com/codefox/layouts/horizontal/assets/images/icons/data_encryption.svg]
[coderthemes.com/codefox/layouts/horizontal/assets/images/icons/data_protection.svg]
[coderthemes.com/codefox/layouts/horizontal/assets/images/icons/grid.svg]
[coderthemes.com/codefox/layouts/horizontal/assets/images/icons/data_sheet.svg]
[coderthemes.com/codefox/layouts/horizontal/assets/images/icons/add_column.svg]
[coderthemes.com/codefox/layouts/horizontal/assets/images/icons/delete_column.svg]
[coderthemes.com/codefox/layouts/horizontal/assets/images/icons/add_row.svg]
[coderthemes.com/codefox/layouts/horizontal/assets/images/icons/delete_row.svg]
[coderthemes.com/codefox/layouts/horizontal/assets/images/icons/generic_sorting_asc.svg]
[coderthemes.com/codefox/layouts/horizontal/assets/images/icons/generic_sorting_desc.svg]
[coderthemes.com/codefox/layouts/horizontal/assets/images/icons/alphabetical_sorting_az.svg]
[coderthemes.com/codefox/layouts/horizontal/assets/images/icons/alphabetical_sorting_za.svg]
[coderthemes.com/codefox/layouts/horizontal/assets/images/icons/numerical_sorting_21.svg]
[coderthemes.com/codefox/layouts/horizontal/assets/images/icons/numerical_sorting_12.svg]
[coderthemes.com/codefox/layouts/horizontal/assets/images/icons/empty_filter.svg]
[coderthemes.com/codefox/layouts/horizontal/assets/images/icons/filled_filter.svg]
[coderthemes.com/codefox/layouts/horizontal/assets/images/icons/clear_filters.svg]
[coderthemes.com/codefox/layouts/horizontal/assets/images/icons/pie_chart.svg]
[coderthemes.com/codefox/layouts/horizontal/assets/images/icons/radar_plot.svg]
[coderthemes.com/codefox/layouts/horizontal/assets/images/icons/heat_map.svg]
[coderthemes.com/codefox/layouts/horizontal/assets/images/icons/bar_chart.svg]
[coderthemes.com/codefox/layouts/horizontal/assets/images/icons/area_chart.svg]
[coderthemes.com/codefox/layouts/horizontal/assets/images/icons/scatter_plot.svg]
[coderthemes.com/codefox/layouts/horizontal/assets/images/icons/doughnut_chart.svg]
[coderthemes.com/codefox/layouts/horizontal/assets/images/icons/combo_chart.svg]
[coderthemes.com/codefox/layouts/horizontal/assets/images/icons/flow_chart.svg]
[coderthemes.com/codefox/layouts/horizontal/assets/images/icons/line_chart.svg]
[coderthemes.com/codefox/layouts/horizontal/assets/images/icons/genealogy.svg]
[coderthemes.com/codefox/layouts/horizontal/assets/images/icons/mind_map.svg]
[coderthemes.com/codefox/layouts/horizontal/assets/images/icons/workflow.svg]
[coderthemes.com/codefox/layouts/horizontal/assets/images/icons/positive_dynamic.svg]
[coderthemes.com/codefox/layouts/horizontal/assets/images/icons/negative_dynamic.svg]
[coderthemes.com/codefox/layouts/horizontal/assets/images/icons/export.svg]
[coderthemes.com/codefox/layouts/horizontal/assets/images/icons/import.svg]
[coderthemes.com/codefox/layouts/horizontal/assets/images/icons/list.svg]
[coderthemes.com/codefox/layouts/horizontal/assets/images/icons/template.svg]
[coderthemes.com/codefox/layouts/horizontal/assets/images/icons/view_details.svg]
[coderthemes.com/codefox/layouts/horizontal/assets/libs/select2/select2.min.css]
[coderthemes.com/codefox/layouts/horizontal/assets/libs/bootstrap-tagsinput/bootstrap-tagsinput.css]
[coderthemes.com/codefox/layouts/horizontal/assets/libs/switchery/switchery.min.css]
[coderthemes.com/codefox/layouts/horizontal/assets/libs/bootstrap-touchspin/jquery.bootstrap-touchspin.css]
[coderthemes.com/codefox/layouts/horizontal/assets/libs/select2/select2.min.js]
[coderthemes.com/codefox/layouts/horizontal/assets/libs/jquery-mockjax/jquery.mockjax.min.js]
[coderthemes.com/codefox/layouts/horizontal/assets/libs/autocomplete/jquery.autocomplete.min.js]
[coderthemes.com/codefox/layouts/horizontal/assets/libs/bootstrap-tagsinput/bootstrap-tagsinput.min.js]
[coderthemes.com/codefox/layouts/horizontal/assets/libs/switchery/switchery.min.js]
[coderthemes.com/codefox/layouts/horizontal/assets/libs/bootstrap-maxlength/bootstrap-maxlength.min.js]
[coderthemes.com/codefox/layouts/horizontal/assets/libs/bootstrap-touchspin/jquery.bootstrap-touchspin.min.js]
[coderthemes.com/codefox/layouts/horizontal/assets/libs/bootstrap-filestyle2/bootstrap-filestyle.min.js]
[coderthemes.com/codefox/layouts/horizontal/assets/js/pages/form-advanced.init.js]
[coderthemes.com/codefox/layouts/horizontal/assets/libs/parsleyjs/parsley.min.js]
[coderthemes.com/codefox/layouts/horizontal/assets/js/pages/form-validation.init.js]
[coderthemes.com/codefox/layouts/horizontal/assets/libs/bootstrap-timepicker/bootstrap-timepicker.min.css]
[coderthemes.com/codefox/layouts/horizontal/assets/libs/bootstrap-colorpicker/bootstrap-colorpicker.min.css]
[coderthemes.com/codefox/layouts/horizontal/assets/libs/bootstrap-daterangepicker/daterangepicker.css]
[coderthemes.com/codefox/layouts/horizontal/assets/libs/clockpicker/bootstrap-clockpicker.min.css]
[coderthemes.com/codefox/layouts/horizontal/assets/libs/bootstrap-datepicker/bootstrap-datepicker.min.css]
[coderthemes.com/codefox/layouts/horizontal/assets/libs/bootstrap-timepicker/bootstrap-timepicker.min.js]
[coderthemes.com/codefox/layouts/horizontal/assets/libs/bootstrap-colorpicker/bootstrap-colorpicker.min.js]
[coderthemes.com/codefox/layouts/horizontal/assets/libs/bootstrap-daterangepicker/daterangepicker.js]
[coderthemes.com/codefox/layouts/horizontal/assets/libs/clockpicker/bootstrap-clockpicker.min.js]
[coderthemes.com/codefox/layouts/horizontal/assets/libs/bootstrap-datepicker/bootstrap-datepicker.min.js]
[coderthemes.com/codefox/layouts/horizontal/assets/js/pages/form-pickers.init.js]
[coderthemes.com/codefox/layouts/horizontal/assets/libs/jquery-steps/jquery.steps.min.js]
[coderthemes.com/codefox/layouts/horizontal/assets/libs/jquery-validation/jquery.validate.min.js]
[coderthemes.com/codefox/layouts/horizontal/assets/js/pages/form-wizard.init.js]
[coderthemes.com/codefox/layouts/horizontal/assets/libs/jquery-mask-plugin/jquery.mask.min.js]
[coderthemes.com/codefox/layouts/horizontal/assets/libs/autonumeric/autoNumeric-min.js]
[coderthemes.com/codefox/layouts/horizontal/assets/js/pages/form-masks.init.js]
[coderthemes.com/codefox/layouts/horizontal/assets/libs/summernote/summernote-bs4.css]
[coderthemes.com/codefox/layouts/horizontal/assets/libs/summernote/summernote-bs4.min.js]
[coderthemes.com/codefox/layouts/horizontal/assets/js/pages/form-summernote.init.js]
[coderthemes.com/codefox/layouts/horizontal/assets/libs/quill/quill.core.css]
[coderthemes.com/codefox/layouts/horizontal/assets/libs/quill/quill.bubble.css]
[coderthemes.com/codefox/layouts/horizontal/assets/libs/quill/quill.snow.css]
[coderthemes.com/codefox/layouts/horizontal/assets/libs/katex/katex.min.js]
[coderthemes.com/codefox/layouts/horizontal/assets/libs/quill/quill.min.js]
[coderthemes.com/codefox/layouts/horizontal/assets/js/pages/form-quilljs.init.js]
[coderthemes.com/codefox/layouts/horizontal/assets/libs/dropify/dropify.min.css]
[coderthemes.com/codefox/layouts/horizontal/assets/libs/dropify/dropify.min.js]
[coderthemes.com/codefox/layouts/horizontal/assets/js/pages/form-fileuploads.init.js]
[coderthemes.com/codefox/layouts/horizontal/assets/libs/datatables/dataTables.bootstrap4.min.css]
[coderthemes.com/codefox/layouts/horizontal/assets/libs/datatables/responsive.bootstrap4.min.css]
[coderthemes.com/codefox/layouts/horizontal/assets/libs/datatables/buttons.bootstrap4.min.css]
[coderthemes.com/codefox/layouts/horizontal/assets/libs/datatables/fixedHeader.bootstrap4.min.css]
[coderthemes.com/codefox/layouts/horizontal/assets/libs/datatables/scroller.bootstrap4.min.css]
[coderthemes.com/codefox/layouts/horizontal/assets/libs/datatables/dataTables.colVis.css]
[coderthemes.com/codefox/layouts/horizontal/assets/libs/datatables/fixedColumns.bootstrap4.min.html]
[coderthemes.com/codefox/layouts/horizontal/assets/libs/datatables/jquery.dataTables.min.js]
[coderthemes.com/codefox/layouts/horizontal/assets/libs/datatables/dataTables.bootstrap4.min.js]
[coderthemes.com/codefox/layouts/horizontal/assets/libs/datatables/dataTables.responsive.min.js]
[coderthemes.com/codefox/layouts/horizontal/assets/libs/datatables/responsive.bootstrap4.min.js]
[coderthemes.com/codefox/layouts/horizontal/assets/libs/datatables/dataTables.buttons.min.js]
[coderthemes.com/codefox/layouts/horizontal/assets/libs/datatables/buttons.bootstrap4.min.js]
[coderthemes.com/codefox/layouts/horizontal/assets/libs/datatables/buttons.html5.min.js]
[coderthemes.com/codefox/layouts/horizontal/assets/libs/datatables/buttons.print.min.js]
[coderthemes.com/codefox/layouts/horizontal/assets/libs/datatables/dataTables.keyTable.min.js]
[coderthemes.com/codefox/layouts/horizontal/assets/libs/datatables/dataTables.fixedHeader.min.js]
[coderthemes.com/codefox/layouts/horizontal/assets/libs/datatables/dataTables.scroller.min.js]
[coderthemes.com/codefox/layouts/horizontal/assets/libs/datatables/dataTables.colVis.js]
[coderthemes.com/codefox/layouts/horizontal/assets/libs/datatables/dataTables.fixedColumns.min.html]
[coderthemes.com/codefox/layouts/horizontal/assets/libs/jszip/jszip.min.js]
[coderthemes.com/codefox/layouts/horizontal/assets/libs/pdfmake/pdfmake.min.js]
[coderthemes.com/codefox/layouts/horizontal/assets/libs/pdfmake/vfs_fonts.js]
[coderthemes.com/codefox/layouts/horizontal/assets/js/pages/datatables.init.js]
[coderthemes.com/codefox/layouts/horizontal/assets/libs/rwd-table/rwd-table.min.css]
[coderthemes.com/codefox/layouts/horizontal/assets/libs/rwd-table/rwd-table.min.js]
[coderthemes.com/codefox/layouts/horizontal/assets/js/pages/responsive-table.init.js]
[coderthemes.com/codefox/layouts/horizontal/assets/libs/tablesaw/tablesaw.css]
[coderthemes.com/codefox/layouts/horizontal/assets/libs/tablesaw/tablesaw.js]
[coderthemes.com/codefox/layouts/horizontal/assets/js/pages/tablesaw.init.js]
[coderthemes.com/codefox/layouts/horizontal/assets/libs/jquery-tabledit/jquery.tabledit.min.js]
[coderthemes.com/codefox/layouts/horizontal/assets/js/pages/tabledit.init.js]
[coderthemes.com/codefox/layouts/horizontal/assets/libs/flot-charts/jquery.flot.js]
[coderthemes.com/codefox/layouts/horizontal/assets/libs/flot-charts/jquery.flot.time.js]
[coderthemes.com/codefox/layouts/horizontal/assets/libs/flot-charts/jquery.flot.tooltip.min.js]
[coderthemes.com/codefox/layouts/horizontal/assets/libs/flot-charts/jquery.flot.resize.js]
[coderthemes.com/codefox/layouts/horizontal/assets/libs/flot-charts/jquery.flot.pie.js]
[coderthemes.com/codefox/layouts/horizontal/assets/libs/flot-charts/jquery.flot.selection.js]
[coderthemes.com/codefox/layouts/horizontal/assets/libs/flot-charts/jquery.flot.stack.js]
[coderthemes.com/codefox/layouts/horizontal/assets/libs/flot-charts/jquery.flot.orderBars.js]
[coderthemes.com/codefox/layouts/horizontal/assets/libs/flot-charts/jquery.flot.crosshair.js]
[coderthemes.com/codefox/layouts/horizontal/assets/js/pages/flot.init.js]
[coderthemes.com/codefox/layouts/horizontal/assets/libs/morris-js/morris.min.js]
[coderthemes.com/codefox/layouts/horizontal/assets/libs/raphael/raphael.min.js]
[coderthemes.com/codefox/layouts/horizontal/assets/js/pages/morris.init.js]
[coderthemes.com/codefox/layouts/horizontal/assets/js/pages/google-charts.init.js]
[coderthemes.com/codefox/layouts/horizontal/assets/libs/chartist/chartist.min.css]
[coderthemes.com/codefox/layouts/horizontal/assets/libs/chartist/chartist.min.js]
[coderthemes.com/codefox/layouts/horizontal/assets/libs/chartist/chartist-plugin-tooltip.min.js]
[coderthemes.com/codefox/layouts/horizontal/assets/js/pages/chartist.init.js]
[coderthemes.com/codefox/layouts/horizontal/assets/libs/chart-js/Chart.bundle.min.js]
[coderthemes.com/codefox/layouts/horizontal/assets/js/pages/chartjs.init.js]
[coderthemes.com/codefox/layouts/horizontal/assets/js/pages/c3.init.js]
[coderthemes.com/codefox/layouts/horizontal/assets/libs/jquery-sparkline/jquery.sparkline.min.js]
[coderthemes.com/codefox/layouts/horizontal/assets/js/pages/sparkline.init.js]
[coderthemes.com/codefox/layouts/horizontal/assets/libs/gmaps/gmaps.min.js]
[coderthemes.com/codefox/layouts/horizontal/assets/js/pages/google-maps.init.js]
[coderthemes.com/codefox/layouts/horizontal/assets/libs/jquery-vectormap/jquery-jvectormap-1.2.2.css]
[coderthemes.com/codefox/layouts/horizontal/assets/libs/jquery-vectormap/jquery-jvectormap-1.2.2.min.js]
[coderthemes.com/codefox/layouts/horizontal/assets/libs/jquery-vectormap/jquery-jvectormap-world-mill-en.js]
[coderthemes.com/codefox/layouts/horizontal/assets/libs/jquery-vectormap/jquery-jvectormap-us-merc-en.js]
[coderthemes.com/codefox/layouts/horizontal/assets/libs/jquery-vectormap/jquery-jvectormap-in-mill-en.js]
[coderthemes.com/codefox/layouts/horizontal/assets/libs/jquery-vectormap/jquery-jvectormap-au-mill-en.js]
[coderthemes.com/codefox/layouts/horizontal/assets/libs/jquery-vectormap/jquery-jvectormap-us-il-chicago-mill-en.js]
[coderthemes.com/codefox/layouts/horizontal/assets/libs/jquery-vectormap/jquery-jvectormap-uk-mill-en.js]
[coderthemes.com/codefox/layouts/horizontal/assets/libs/jquery-vectormap/jquery-jvectormap-ca-lcc-en.js]
[coderthemes.com/codefox/layouts/horizontal/assets/js/pages/vector-maps.init.js]
[coderthemes.com/codefox/layouts/horizontal/assets/libs/jquery-mapael/jquery.mapael.min.js]
[coderthemes.com/codefox/layouts/horizontal/assets/libs/jquery-mapael/world_countries.min.js]
[coderthemes.com/codefox/layouts/horizontal/assets/libs/jquery-mapael/usa_states.min.js]
[coderthemes.com/codefox/layouts/horizontal/assets/js/pages/mapael-maps.init.js]
[coderthemes.com/codefox/layouts/horizontal/page-recoverpw.html]
[coderthemes.com/codefox/layouts/horizontal/page-register.html]
[coderthemes.com/codefox/layouts/horizontal/page-login.html]
[coderthemes.com/codefox/layouts/horizontal/assets/libs/jquery-countdown/jquery.countdown.min.js]
[coderthemes.com/codefox/layouts/horizontal/assets/js/pages/coming-soon.init.js]
[coderthemes.com/codefox/layouts/horizontal/Trident/index.html]
[coderthemes.com/codefox/layouts/horizontal/Edge/index.html]
[coderthemes.com/codefox/layouts/horizontal/GET.html]
[coderthemes.com/codefox/layouts/horizontal/edge/index-2.html]
[coderthemes.com/codefox/layouts/horizontal/assets/libs/summernote/font/summernote64fe.html]
[coderthemes.com/codefox/layouts/horizontal/assets/libs/summernote/font/summernote64fe-2.html]
[coderthemes.com/codefox/layouts/horizontal/assets/libs/summernote/font/summernote64fe-3.html]
[coderthemes.com/codefox/layouts/horizontal/blots/index.html]
[coderthemes.com/codefox/layouts/horizontal/formats/index.html]
[coderthemes.com/codefox/layouts/horizontal/assets/libs/fonts/dropify.html]
[coderthemes.com/codefox/layouts/horizontal/assets/libs/fonts/dropify-2.html]
[coderthemes.com/codefox/layouts/horizontal/assets/libs/fonts/dropify-3.html]
[coderthemes.com/codefox/layouts/horizontal/assets/libs/fonts/dropify-4.html]
[coderthemes.com/codefox/layouts/horizontal/xl/worksheets/sheet1.html]
[coderthemes.com/codefox/layouts/horizontal/xl/workbook.html]
[coderthemes.com/codefox/layouts/horizontal/xl/styles.html]
[coderthemes.com/codefox/layouts/horizontal/[Content_Types].html]
[coderthemes.com/codefox/layouts/horizontal/buttons.html]
[coderthemes.com/codefox/layouts/horizontal/ABCDEFGHIJKLMNOPQRSTUVWXYZabcdefghijklmnopqrstuvwxyz0123456789+/index.html]
[coderthemes.com/codefox/layouts/horizontal/HEAD.html]
